#
# There is insufficient memory for the Java Runtime Environment to continue.
# Native memory allocation (mmap) failed to map 201326592 bytes for Failed to commit area from 0x0000000741e00000 to 0x000000074de00000 of length 201326592.
# Possible reasons:
#   The system is out of physical RAM or swap space
#   The process is running with CompressedOops enabled, and the Java Heap may be blocking the growth of the native heap
# Possible solutions:
#   Reduce memory load on the system
#   Increase physical memory or swap space
#   Check if swap backing store is full
#   Decrease Java heap size (-Xmx/-Xms)
#   Decrease number of Java threads
#   Decrease Java thread stack sizes (-Xss)
#   Set larger code cache with -XX:ReservedCodeCacheSize=
# This output file may be truncated or incomplete.
#
#  Out of Memory Error (./src/hotspot/os/windows/os_windows.cpp:3390), pid=16816, tid=8644
#
# JRE version:  (11.0.15+10) (build )
# Java VM: OpenJDK 64-Bit Server VM (11.0.15+10, mixed mode, sharing, tiered, compressed oops, g1 gc, windows-amd64)
# No core dump will be written. Minidumps are not enabled by default on client versions of Windows
#

---------------  S U M M A R Y ------------

Command Line: C:\Users\Paola\.gradle\build-scan-data\3.13.4\gradle-build-scan-background-upload-64cdf0ae530be3f301bc3af33bd793845ea131f20ec2c3e3a65f31a3d3c994ca.jar

Host: Intel(R) Core(TM) i3-7100U CPU @ 2.40GHz, 4 cores, 11G,  Windows 10 , 64 bit Build 19041 (10.0.19041.3155)
Time: Tue Aug 29 18:48:10 2023 Hora estándar de Argentina elapsed time: 0.329005 seconds (0d 0h 0m 0s)

---------------  T H R E A D  ---------------

Current thread (0x0000020d65bbe800):  JavaThread "Unknown thread" [_thread_in_vm, id=8644, stack(0x0000001148f00000,0x0000001149000000)]

Stack: [0x0000001148f00000,0x0000001149000000]
Native frames: (J=compiled Java code, j=interpreted, Vv=VM code, C=native code)
V  [jvm.dll+0x64dd3a]
V  [jvm.dll+0x7906c9]
V  [jvm.dll+0x791d9c]
V  [jvm.dll+0x792463]
V  [jvm.dll+0x265048]
V  [jvm.dll+0x64ac9a]
V  [jvm.dll+0x63f205]
V  [jvm.dll+0x32090c]
V  [jvm.dll+0x320792]
V  [jvm.dll+0x326076]
V  [jvm.dll+0x374b2f]
V  [jvm.dll+0x374550]
V  [jvm.dll+0x2fbec8]
V  [jvm.dll+0x2fd036]
V  [jvm.dll+0x769e77]
V  [jvm.dll+0x76b63f]
V  [jvm.dll+0x3819c9]
V  [jvm.dll+0x74c60e]
V  [jvm.dll+0x3f489d]
V  [jvm.dll+0x3f6ab1]
C  [jli.dll+0x51c7]
C  [ucrtbase.dll+0x21bb2]
C  [KERNEL32.DLL+0x17614]
C  [ntdll.dll+0x526b1]


---------------  P R O C E S S  ---------------

Threads class SMR info:
_java_thread_list=0x0000020d63b21a10, length=0, elements={
}

Java Threads: ( => current thread )

Other Threads:
  0x0000020d65c14800 GCTaskThread "GC Thread#0" [stack: 0x0000001149000000,0x0000001149100000] [id=3876]
  0x0000020d65c5a800 ConcurrentGCThread "G1 Main Marker" [stack: 0x0000001149100000,0x0000001149200000] [id=10856]
  0x0000020d65c5d000 ConcurrentGCThread "G1 Conc#0" [stack: 0x0000001149200000,0x0000001149300000] [id=14376]

[error occurred during error reporting (printing all threads), id 0xc0000005, EXCEPTION_ACCESS_VIOLATION (0xc0000005) at pc=0x00007ffbb6c0b8e7]

VM state:not at safepoint (not fully initialized)

VM Mutex/Monitor currently owned by a thread:  ([mutex/lock_event])
[0x0000020d65bbad90] Heap_lock - owner thread: 0x0000020d65bbe800

Heap address: 0x0000000741e00000, size: 3042 MB, Compressed Oops mode: Non-zero based: 0x0000000741e00000
Narrow klass base: 0x0000000000000000, Narrow klass shift: 0

GC Heap History (0 events):
No events

Deoptimization events (0 events):
No events

Classes redefined (0 events):
No events

Internal exceptions (0 events):
No events

Events (1 events):
Event: 0.011 Loaded shared library C:\Program Files\OpenJDK\openjdk-11.0.15_10\bin\zip.dll


Dynamic libraries:
0x00007ff6976e0000 - 0x00007ff6976ed000 	C:\Program Files\OpenJDK\openjdk-11.0.15_10\bin\java.exe
0x00007ffbfcab0000 - 0x00007ffbfcca8000 	C:\WINDOWS\SYSTEM32\ntdll.dll
0x00007ffbfb980000 - 0x00007ffbfba3f000 	C:\WINDOWS\System32\KERNEL32.DLL
0x00007ffbfa560000 - 0x00007ffbfa856000 	C:\WINDOWS\System32\KERNELBASE.dll
0x00007ffbfa9e0000 - 0x00007ffbfaae0000 	C:\WINDOWS\System32\ucrtbase.dll
0x00007ffbf20f0000 - 0x00007ffbf2108000 	C:\Program Files\OpenJDK\openjdk-11.0.15_10\bin\jli.dll
0x00007ffbfabc0000 - 0x00007ffbfad5d000 	C:\WINDOWS\System32\USER32.dll
0x00007ffbfaae0000 - 0x00007ffbfab02000 	C:\WINDOWS\System32\win32u.dll
0x00007ffbfb4a0000 - 0x00007ffbfb4cc000 	C:\WINDOWS\System32\GDI32.dll
0x00007ffbfa190000 - 0x00007ffbfa2a5000 	C:\WINDOWS\System32\gdi32full.dll
0x00007ffbfa8b0000 - 0x00007ffbfa94d000 	C:\WINDOWS\System32\msvcp_win.dll
0x00007ffbf21b0000 - 0x00007ffbf21c6000 	C:\Program Files\OpenJDK\openjdk-11.0.15_10\bin\VCRUNTIME140.dll
0x00007ffbe8680000 - 0x00007ffbe891a000 	C:\WINDOWS\WinSxS\amd64_microsoft.windows.common-controls_6595b64144ccf1df_6.0.19041.1110_none_60b5254171f9507e\COMCTL32.dll
0x00007ffbfad60000 - 0x00007ffbfadfe000 	C:\WINDOWS\System32\msvcrt.dll
0x00007ffbfb0b0000 - 0x00007ffbfb0e0000 	C:\WINDOWS\System32\IMM32.DLL
0x00007ffbca880000 - 0x00007ffbca92a000 	C:\Program Files\OpenJDK\openjdk-11.0.15_10\bin\msvcp140.dll
0x00007ffbb6900000 - 0x00007ffbb7451000 	C:\Program Files\OpenJDK\openjdk-11.0.15_10\bin\server\jvm.dll
0x00007ffbfab10000 - 0x00007ffbfabbf000 	C:\WINDOWS\System32\ADVAPI32.dll
0x00007ffbfbaa0000 - 0x00007ffbfbb3c000 	C:\WINDOWS\System32\sechost.dll
0x00007ffbfc1f0000 - 0x00007ffbfc316000 	C:\WINDOWS\System32\RPCRT4.dll
0x00007ffbfb0a0000 - 0x00007ffbfb0a8000 	C:\WINDOWS\System32\PSAPI.DLL
0x00007ffbe4d90000 - 0x00007ffbe4d99000 	C:\WINDOWS\SYSTEM32\WSOCK32.dll
0x00007ffbe3c50000 - 0x00007ffbe3c77000 	C:\WINDOWS\SYSTEM32\WINMM.dll
0x00007ffbfc0a0000 - 0x00007ffbfc10b000 	C:\WINDOWS\System32\WS2_32.dll
0x00007ffbf32f0000 - 0x00007ffbf32fa000 	C:\WINDOWS\SYSTEM32\VERSION.dll
0x00007ffbf8980000 - 0x00007ffbf8992000 	C:\WINDOWS\SYSTEM32\kernel.appcore.dll
0x00007ffbf1b00000 - 0x00007ffbf1b11000 	C:\Program Files\OpenJDK\openjdk-11.0.15_10\bin\verify.dll
0x00007ffbf8650000 - 0x00007ffbf8834000 	C:\WINDOWS\SYSTEM32\DBGHELP.DLL
0x00007ffbe4db0000 - 0x00007ffbe4de4000 	C:\WINDOWS\SYSTEM32\dbgcore.DLL
0x00007ffbfa950000 - 0x00007ffbfa9d2000 	C:\WINDOWS\System32\bcryptPrimitives.dll
0x00007ffbe77a0000 - 0x00007ffbe77c9000 	C:\Program Files\OpenJDK\openjdk-11.0.15_10\bin\java.dll
0x00007ffbf1af0000 - 0x00007ffbf1afa000 	C:\Program Files\OpenJDK\openjdk-11.0.15_10\bin\jimage.dll
0x00007ffbf1990000 - 0x00007ffbf19a8000 	C:\Program Files\OpenJDK\openjdk-11.0.15_10\bin\zip.dll

dbghelp: loaded successfully - version: 4.0.5 - missing functions: none
symbol engine: initialized successfully - sym options: 0x614 - pdb path: .;C:\Program Files\OpenJDK\openjdk-11.0.15_10\bin;C:\WINDOWS\SYSTEM32;C:\WINDOWS\WinSxS\amd64_microsoft.windows.common-controls_6595b64144ccf1df_6.0.19041.1110_none_60b5254171f9507e;C:\Program Files\OpenJDK\openjdk-11.0.15_10\bin\server

VM Arguments:
java_command: C:\Users\Paola\.gradle\build-scan-data\3.13.4\gradle-build-scan-background-upload-64cdf0ae530be3f301bc3af33bd793845ea131f20ec2c3e3a65f31a3d3c994ca.jar
java_class_path (initial): C:\Users\Paola\.gradle\build-scan-data\3.13.4\gradle-build-scan-background-upload-64cdf0ae530be3f301bc3af33bd793845ea131f20ec2c3e3a65f31a3d3c994ca.jar
Launcher Type: SUN_STANDARD

[Global flags]
     intx CICompilerCount                          = 3                                         {product} {ergonomic}
     uint ConcGCThreads                            = 1                                         {product} {ergonomic}
     uint G1ConcRefinementThreads                  = 4                                         {product} {ergonomic}
   size_t G1HeapRegionSize                         = 1048576                                   {product} {ergonomic}
    uintx GCDrainStackTargetSize                   = 64                                        {product} {ergonomic}
   size_t InitialHeapSize                          = 201326592                                 {product} {ergonomic}
   size_t MarkStackSize                            = 4194304                                   {product} {ergonomic}
   size_t MaxHeapSize                              = 3189768192                                {product} {ergonomic}
   size_t MinHeapDeltaBytes                        = 1048576                                   {product} {ergonomic}
    uintx NonNMethodCodeHeapSize                   = 5830732                                {pd product} {ergonomic}
    uintx NonProfiledCodeHeapSize                  = 122913754                              {pd product} {ergonomic}
    uintx ProfiledCodeHeapSize                     = 122913754                              {pd product} {ergonomic}
    uintx ReservedCodeCacheSize                    = 251658240                              {pd product} {ergonomic}
     bool SegmentedCodeCache                       = true                                      {product} {ergonomic}
     bool UseCompressedClassPointers               = true                                 {lp64_product} {ergonomic}
     bool UseCompressedOops                        = true                                 {lp64_product} {ergonomic}
     bool UseG1GC                                  = true                                      {product} {ergonomic}
     bool UseLargePagesIndividualAllocation        = false                                  {pd product} {ergonomic}

Logging:
Log output configuration:
 #0: stdout all=warning uptime,level,tags
 #1: stderr all=off uptime,level,tags

Environment Variables:
JAVA_HOME=C:\Program Files\OpenJDK\openjdk-11.0.15_10
CLASSPATH=.;
PATH=C:\Miniconda3;C:\Miniconda3\Library\mingw-w64\bin;C:\Miniconda3\Library\usr\bin;C:\Miniconda3\Library\bin;C:\Miniconda3\Scripts;C:\Program Files (x86)\Intel\iCLS Client\;C:\Program Files\Intel\iCLS Client\;C:\WINDOWS\system32;C:\WINDOWS;C:\WINDOWS\System32\Wbem;C:\WINDOWS\System32\WindowsPowerShell\v1.0\;C:\Program Files (x86)\Intel\Intel(R) Management Engine Components\DAL;C:\Program Files\Intel\Intel(R) Management Engine Components\DAL;C:\Program Files (x86)\Intel\Intel(R) Management Engine Components\IPT;C:\Program Files\Intel\Intel(R) Management Engine Components\IPT;C:\WINDOWS\System32\OpenSSH\;C:\ProgramData\chocolatey\bin;C:\Program Files\Java\jdk1.8.0_211\bin;C:\Users\Paola\AppData\Local\Android\Sdk\platform-tools;C:\Program Files\Git\cmd;C:\Users\Paola\AppData\Roaming\nvm;C:\Program Files\nodejs;C:\Program Files\Docker\Docker\resources\bin;C:\ProgramData\DockerDesktop\version-bin;C:\Program Files\OpenJDK\openjdk-11.0.15_10\bin;C:\Users\Paola\AppData\Local\Microsoft\WindowsApps;C:\Users\Paola\AppData\Local\Programs\Microsoft VS Code\bin;C:\Program Files\heroku\bin;C:\Miniconda3\python;C:\CursoDjango\blog\myenv\Scripts\eb;C:\Users\Paola\AppData\Roaming\Python\Python37\Scripts;C:\Program Files\Java\jdk1.8.0_211\bin;C:\src\flutter\bin;C:\Users\Paola\AppData\Roaming\nvm;C:\Program Files\nodejs;C:\Users\Paola\AppData\Local\Programs\oh-my-posh\bin
USERNAME=Paola
OS=Windows_NT
PROCESSOR_IDENTIFIER=Intel64 Family 6 Model 142 Stepping 9, GenuineIntel



---------------  S Y S T E M  ---------------

OS: Windows 10 , 64 bit Build 19041 (10.0.19041.3155)
OS uptime: 3 days 5:52 hours
Hyper-V role detected

CPU:total 4 (initial active 4) (2 cores per cpu, 2 threads per core) family 6 model 142 stepping 9 microcode 0xb4, cmov, cx8, fxsr, mmx, sse, sse2, sse3, ssse3, sse4.1, sse4.2, popcnt, avx, avx2, aes, clmul, erms, 3dnowpref, lzcnt, ht, tsc, tscinvbit, bmi1, bmi2, adx, fma

Memory: 4k page, system-wide physical 12160M (1715M free)
TotalPageFile size 12160M (AvailPageFile size 125M)
current process WorkingSet (physical memory assigned to process): 10M, peak: 10M
current process commit charge ("private bytes"): 52M, peak: 244M

vm_info: OpenJDK 64-Bit Server VM (11.0.15+10) for windows-amd64 JRE (11.0.15+10), built on Apr 21 2022 21:29:46 by "tester" with MS VC++ 15.5 (VS2017)

END.
