#
# There is insufficient memory for the Java Runtime Environment to continue.
# Native memory allocation (mmap) failed to map 62914560 bytes for Failed to commit area from 0x0000000750500000 to 0x0000000754100000 of length 62914560.
# Possible reasons:
#   The system is out of physical RAM or swap space
#   The process is running with CompressedOops enabled, and the Java Heap may be blocking the growth of the native heap
# Possible solutions:
#   Reduce memory load on the system
#   Increase physical memory or swap space
#   Check if swap backing store is full
#   Decrease Java heap size (-Xmx/-Xms)
#   Decrease number of Java threads
#   Decrease Java thread stack sizes (-Xss)
#   Set larger code cache with -XX:ReservedCodeCacheSize=
#   JVM is running with Zero Based Compressed Oops mode in which the Java heap is
#     placed in the first 32GB address space. The Java Heap base address is the
#     maximum limit for the native heap growth. Please use -XX:HeapBaseMinAddress
#     to set the Java Heap base and to place the Java Heap above 32GB virtual address.
# This output file may be truncated or incomplete.
#
#  Out of Memory Error (./src/hotspot/os/windows/os_windows.cpp:3390), pid=3860, tid=1072
#
# JRE version: OpenJDK Runtime Environment 18.9 (11.0.15+10) (build 11.0.15+10)
# Java VM: OpenJDK 64-Bit Server VM 18.9 (11.0.15+10, mixed mode, tiered, compressed oops, g1 gc, windows-amd64)
# No core dump will be written. Minidumps are not enabled by default on client versions of Windows
#

---------------  S U M M A R Y ------------

Command Line: -agentlib:jdwp=transport=dt_socket,server=n,suspend=y,address=127.0.0.1:57537 -Xverify:none -XX:TieredStopAtLevel=1 -Dfile.encoding=windows-1252 -Duser.country=AR -Duser.language=es -Duser.variant com.example.hbsisters.HbSistersApplication

Host: Intel(R) Core(TM) i3-7100U CPU @ 2.40GHz, 4 cores, 11G,  Windows 10 , 64 bit Build 19041 (10.0.19041.3155)
Time: Sat Aug 26 12:45:35 2023 Hora estándar de Argentina elapsed time: 8.690073 seconds (0d 0h 0m 8s)

---------------  T H R E A D  ---------------

Current thread (0x000001dfa4d24800):  VMThread "VM Thread" [stack: 0x0000006984500000,0x0000006984600000] [id=1072]

Stack: [0x0000006984500000,0x0000006984600000]
[error occurred during error reporting (printing stack bounds), id 0xc0000005, EXCEPTION_ACCESS_VIOLATION (0xc0000005) at pc=0x000001df8c6e112d]

Native frames: (J=compiled Java code, j=interpreted, Vv=VM code, C=native code)
V  [jvm.dll+0x64dd3a]
V  [jvm.dll+0x7906c9]
V  [jvm.dll+0x791d9c]
V  [jvm.dll+0x7923c5]
V  [jvm.dll+0x79237b]
V  [jvm.dll+0x64cdd0]
V  [jvm.dll+0x64d4e8]
C  [ntdll.dll+0xa23df]
C  [ntdll.dll+0x514b4]
C  [ntdll.dll+0xa0eee]
C  0x000001df8c6e112d

VM_Operation (0x0000006983ffba80): G1CollectForAllocation, mode: safepoint, requested by thread 0x000001df83f8e800


---------------  P R O C E S S  ---------------

Threads class SMR info:
_java_thread_list=0x000001dfa9a058a0, length=17, elements={
0x000001df83f8e800, 0x000001dfa5550800, 0x000001dfa5559800, 0x000001dfa55ae800,
0x000001dfa55b0800, 0x000001dfa55b2800, 0x000001dfa55b6000, 0x000001dfa55ba000,
0x000001dfa56f7000, 0x000001dfa570c800, 0x000001dfa5711800, 0x000001dfa572c000,
0x000001dfa76da000, 0x000001dfa6d11800, 0x000001dfa792a000, 0x000001dfa7924000,
0x000001dfa7925000
}

Java Threads: ( => current thread )
  0x000001df83f8e800 JavaThread "main" [_thread_blocked, id=13536, stack(0x0000006983f00000,0x0000006984000000)]
  0x000001dfa5550800 JavaThread "Reference Handler" daemon [_thread_blocked, id=15024, stack(0x0000006984600000,0x0000006984700000)]
  0x000001dfa5559800 JavaThread "Finalizer" daemon [_thread_blocked, id=4056, stack(0x0000006984700000,0x0000006984800000)]
  0x000001dfa55ae800 JavaThread "Signal Dispatcher" daemon [_thread_blocked, id=3600, stack(0x0000006984800000,0x0000006984900000)]
  0x000001dfa55b0800 JavaThread "Attach Listener" daemon [_thread_blocked, id=12876, stack(0x0000006984900000,0x0000006984a00000)]
  0x000001dfa55b2800 JavaThread "Service Thread" daemon [_thread_blocked, id=2236, stack(0x0000006984a00000,0x0000006984b00000)]
  0x000001dfa55b6000 JavaThread "C1 CompilerThread0" daemon [_thread_blocked, id=1312, stack(0x0000006984b00000,0x0000006984c00000)]
  0x000001dfa55ba000 JavaThread "Sweeper thread" daemon [_thread_blocked, id=10224, stack(0x0000006984c00000,0x0000006984d00000)]
  0x000001dfa56f7000 JavaThread "JDWP Transport Listener: dt_socket" daemon [_thread_blocked, id=16512, stack(0x0000006984d00000,0x0000006984e00000)]
  0x000001dfa570c800 JavaThread "JDWP Event Helper Thread" daemon [_thread_blocked, id=1260, stack(0x0000006984e00000,0x0000006984f00000)]
  0x000001dfa5711800 JavaThread "JDWP Command Reader" daemon [_thread_in_native, id=13308, stack(0x0000006984f00000,0x0000006985000000)]
  0x000001dfa572c000 JavaThread "Common-Cleaner" daemon [_thread_blocked, id=17072, stack(0x0000006985100000,0x0000006985200000)]
  0x000001dfa76da000 JavaThread "HikariPool-1 housekeeper" daemon [_thread_blocked, id=15916, stack(0x0000006985600000,0x0000006985700000)]
  0x000001dfa6d11800 JavaThread "HikariPool-1 connection adder" daemon [_thread_blocked, id=7304, stack(0x0000006985700000,0x0000006985800000)]
  0x000001dfa792a000 JavaThread "Catalina-utility-1" [_thread_blocked, id=13528, stack(0x0000006985800000,0x0000006985900000)]
  0x000001dfa7924000 JavaThread "Catalina-utility-2" [_thread_blocked, id=3644, stack(0x0000006985900000,0x0000006985a00000)]
  0x000001dfa7925000 JavaThread "container-0" [_thread_blocked, id=11664, stack(0x0000006985a00000,0x0000006985b00000)]

Other Threads:
=>0x000001dfa4d24800 VMThread "VM Thread" [stack: 0x0000006984500000,0x0000006984600000] [id=1072]
  0x000001dfa5726800 WatcherThread [stack: 0x0000006985000000,0x0000006985100000] [id=9004]
  0x000001df83fa6000 GCTaskThread "GC Thread#0" [stack: 0x0000006984000000,0x0000006984100000] [id=15180]
  0x000001dfa602b000 GCTaskThread "GC Thread#1" [stack: 0x0000006985200000,0x0000006985300000] [id=14464]
  0x000001dfa6019800 GCTaskThread "GC Thread#2" [stack: 0x0000006985300000,0x0000006985400000] [id=14492]
  0x000001dfa601a000 GCTaskThread "GC Thread#3" [stack: 0x0000006985400000,0x0000006985500000] [id=15348]
  0x000001df83fed000 ConcurrentGCThread "G1 Main Marker" [stack: 0x0000006984100000,0x0000006984200000] [id=4636]
  0x000001df83fee800 ConcurrentGCThread "G1 Conc#0" [stack: 0x0000006984200000,0x0000006984300000] [id=2088]
  0x000001dfa4b8d800 ConcurrentGCThread "G1 Refine#0" [stack: 0x0000006984300000,0x0000006984400000] [id=17336]
  0x000001dfa58f3000 ConcurrentGCThread "G1 Refine#1" [stack: 0x0000006985500000,0x0000006985600000] [id=14628]
  0x000001dfa4b8e800 ConcurrentGCThread "G1 Young RemSet Sampling" [stack: 0x0000006984400000,0x0000006984500000] [id=15508]

Threads with active compile tasks:
C1 CompilerThread0     8717 4827       1       com.sun.beans.introspect.ClassInfo$1::create (9 bytes)

VM state:at safepoint (normal execution)

VM Mutex/Monitor currently owned by a thread:  ([mutex/lock_event])
[0x000001df83f8a370] Threads_lock - owner thread: 0x000001dfa4d24800
[0x000001df83f89830] Heap_lock - owner thread: 0x000001df83f8e800

Heap address: 0x0000000741e00000, size: 3042 MB, Compressed Oops mode: Zero based, Oop shift amount: 3
Narrow klass base: 0x0000000800000000, Narrow klass shift: 0
Compressed class space size: 1073741824 Address: 0x0000000800000000

Heap:
 garbage-first heap   total 297984K, used 26017K [0x0000000741e00000, 0x0000000800000000)
  region size 1024K, 11 young (11264K), 11 survivors (11264K)
 Metaspace       used 55888K, capacity 57455K, committed 57680K, reserved 1099776K
  class space    used 7127K, capacity 7770K, committed 7804K, reserved 1048576K
Heap Regions: E=young(eden), S=young(survivor), O=old, HS=humongous(starts), HC=humongous(continues), CS=collection set, F=free, A=archive, TAMS=top-at-mark-start (previous, next)
|   0|0x0000000741e00000, 0x0000000741f00000, 0x0000000741f00000|100%|HS|  |TAMS 0x0000000741f00000, 0x0000000741e00000| Complete 
|   1|0x0000000741f00000, 0x0000000742000000, 0x0000000742000000|100%| O|  |TAMS 0x0000000742000000, 0x0000000741f00000| Untracked 
|   2|0x0000000742000000, 0x0000000742100000, 0x0000000742100000|100%| O|  |TAMS 0x0000000742100000, 0x0000000742000000| Untracked 
|   3|0x0000000742100000, 0x0000000742200000, 0x0000000742200000|100%| O|  |TAMS 0x0000000742200000, 0x0000000742100000| Untracked 
|   4|0x0000000742200000, 0x0000000742300000, 0x0000000742300000|100%| O|  |TAMS 0x0000000742300000, 0x0000000742200000| Untracked 
|   5|0x0000000742300000, 0x0000000742400000, 0x0000000742400000|100%| O|  |TAMS 0x0000000742400000, 0x0000000742300000| Untracked 
|   6|0x0000000742400000, 0x0000000742500000, 0x0000000742500000|100%| O|  |TAMS 0x0000000742500000, 0x0000000742400000| Untracked 
|   7|0x0000000742500000, 0x0000000742600000, 0x0000000742600000|100%| O|  |TAMS 0x0000000742600000, 0x0000000742500000| Untracked 
|   8|0x0000000742600000, 0x0000000742700000, 0x0000000742700000|100%| O|  |TAMS 0x0000000742700000, 0x0000000742600000| Untracked 
|   9|0x0000000742700000, 0x0000000742800000, 0x0000000742800000|100%| O|  |TAMS 0x0000000742800000, 0x0000000742700000| Untracked 
|  10|0x0000000742800000, 0x0000000742900000, 0x0000000742900000|100%| O|  |TAMS 0x0000000742900000, 0x0000000742800000| Untracked 
|  11|0x0000000742900000, 0x0000000742a00000, 0x0000000742a00000|100%| O|  |TAMS 0x0000000742a00000, 0x0000000742900000| Untracked 
|  12|0x0000000742a00000, 0x0000000742b00000, 0x0000000742b00000|100%| O|  |TAMS 0x0000000742b00000, 0x0000000742a00000| Untracked 
|  13|0x0000000742b00000, 0x0000000742c00000, 0x0000000742c00000|100%| O|  |TAMS 0x0000000742c00000, 0x0000000742b00000| Untracked 
|  14|0x0000000742c00000, 0x0000000742ce6800, 0x0000000742d00000| 90%| O|  |TAMS 0x0000000742ce6800, 0x0000000742c00000| Untracked 
|  15|0x0000000742d00000, 0x0000000742d00000, 0x0000000742e00000|  0%| F|  |TAMS 0x0000000742d00000, 0x0000000742d00000| Untracked 
|  16|0x0000000742e00000, 0x0000000742e00000, 0x0000000742f00000|  0%| F|  |TAMS 0x0000000742e00000, 0x0000000742e00000| Untracked 
|  17|0x0000000742f00000, 0x0000000742f00000, 0x0000000743000000|  0%| F|  |TAMS 0x0000000742f00000, 0x0000000742f00000| Untracked 
|  18|0x0000000743000000, 0x0000000743000000, 0x0000000743100000|  0%| F|  |TAMS 0x0000000743000000, 0x0000000743000000| Untracked 
|  19|0x0000000743100000, 0x0000000743100000, 0x0000000743200000|  0%| F|  |TAMS 0x0000000743100000, 0x0000000743100000| Untracked 
|  20|0x0000000743200000, 0x0000000743200000, 0x0000000743300000|  0%| F|  |TAMS 0x0000000743200000, 0x0000000743200000| Untracked 
|  21|0x0000000743300000, 0x0000000743300000, 0x0000000743400000|  0%| F|  |TAMS 0x0000000743300000, 0x0000000743300000| Untracked 
|  22|0x0000000743400000, 0x0000000743400000, 0x0000000743500000|  0%| F|  |TAMS 0x0000000743400000, 0x0000000743400000| Untracked 
|  23|0x0000000743500000, 0x0000000743500000, 0x0000000743600000|  0%| F|  |TAMS 0x0000000743500000, 0x0000000743500000| Untracked 
|  24|0x0000000743600000, 0x0000000743600000, 0x0000000743700000|  0%| F|  |TAMS 0x0000000743600000, 0x0000000743600000| Untracked 
|  25|0x0000000743700000, 0x0000000743700000, 0x0000000743800000|  0%| F|  |TAMS 0x0000000743700000, 0x0000000743700000| Untracked 
|  26|0x0000000743800000, 0x0000000743800000, 0x0000000743900000|  0%| F|  |TAMS 0x0000000743800000, 0x0000000743800000| Untracked 
|  27|0x0000000743900000, 0x0000000743900000, 0x0000000743a00000|  0%| F|  |TAMS 0x0000000743900000, 0x0000000743900000| Untracked 
|  28|0x0000000743a00000, 0x0000000743a00000, 0x0000000743b00000|  0%| F|  |TAMS 0x0000000743a00000, 0x0000000743a00000| Untracked 
|  29|0x0000000743b00000, 0x0000000743b00000, 0x0000000743c00000|  0%| F|  |TAMS 0x0000000743b00000, 0x0000000743b00000| Untracked 
|  30|0x0000000743c00000, 0x0000000743c00000, 0x0000000743d00000|  0%| F|  |TAMS 0x0000000743c00000, 0x0000000743c00000| Untracked 
|  31|0x0000000743d00000, 0x0000000743d00000, 0x0000000743e00000|  0%| F|  |TAMS 0x0000000743d00000, 0x0000000743d00000| Untracked 
|  32|0x0000000743e00000, 0x0000000743e00000, 0x0000000743f00000|  0%| F|  |TAMS 0x0000000743e00000, 0x0000000743e00000| Untracked 
|  33|0x0000000743f00000, 0x0000000743f00000, 0x0000000744000000|  0%| F|  |TAMS 0x0000000743f00000, 0x0000000743f00000| Untracked 
|  34|0x0000000744000000, 0x0000000744000000, 0x0000000744100000|  0%| F|  |TAMS 0x0000000744000000, 0x0000000744000000| Untracked 
|  35|0x0000000744100000, 0x0000000744100000, 0x0000000744200000|  0%| F|  |TAMS 0x0000000744100000, 0x0000000744100000| Untracked 
|  36|0x0000000744200000, 0x0000000744200000, 0x0000000744300000|  0%| F|  |TAMS 0x0000000744200000, 0x0000000744200000| Untracked 
|  37|0x0000000744300000, 0x0000000744300000, 0x0000000744400000|  0%| F|  |TAMS 0x0000000744300000, 0x0000000744300000| Untracked 
|  38|0x0000000744400000, 0x0000000744400000, 0x0000000744500000|  0%| F|  |TAMS 0x0000000744400000, 0x0000000744400000| Untracked 
|  39|0x0000000744500000, 0x0000000744500000, 0x0000000744600000|  0%| F|  |TAMS 0x0000000744500000, 0x0000000744500000| Untracked 
|  40|0x0000000744600000, 0x0000000744600000, 0x0000000744700000|  0%| F|  |TAMS 0x0000000744600000, 0x0000000744600000| Untracked 
|  41|0x0000000744700000, 0x0000000744700000, 0x0000000744800000|  0%| F|  |TAMS 0x0000000744700000, 0x0000000744700000| Untracked 
|  42|0x0000000744800000, 0x0000000744800000, 0x0000000744900000|  0%| F|  |TAMS 0x0000000744800000, 0x0000000744800000| Untracked 
|  43|0x0000000744900000, 0x0000000744900000, 0x0000000744a00000|  0%| F|  |TAMS 0x0000000744900000, 0x0000000744900000| Untracked 
|  44|0x0000000744a00000, 0x0000000744a00000, 0x0000000744b00000|  0%| F|  |TAMS 0x0000000744a00000, 0x0000000744a00000| Untracked 
|  45|0x0000000744b00000, 0x0000000744b00000, 0x0000000744c00000|  0%| F|  |TAMS 0x0000000744b00000, 0x0000000744b00000| Untracked 
|  46|0x0000000744c00000, 0x0000000744c00000, 0x0000000744d00000|  0%| F|  |TAMS 0x0000000744c00000, 0x0000000744c00000| Untracked 
|  47|0x0000000744d00000, 0x0000000744d00000, 0x0000000744e00000|  0%| F|  |TAMS 0x0000000744d00000, 0x0000000744d00000| Untracked 
|  48|0x0000000744e00000, 0x0000000744e00000, 0x0000000744f00000|  0%| F|  |TAMS 0x0000000744e00000, 0x0000000744e00000| Untracked 
|  49|0x0000000744f00000, 0x0000000744f00000, 0x0000000745000000|  0%| F|  |TAMS 0x0000000744f00000, 0x0000000744f00000| Untracked 
|  50|0x0000000745000000, 0x0000000745000000, 0x0000000745100000|  0%| F|  |TAMS 0x0000000745000000, 0x0000000745000000| Untracked 
|  51|0x0000000745100000, 0x0000000745100000, 0x0000000745200000|  0%| F|  |TAMS 0x0000000745100000, 0x0000000745100000| Untracked 
|  52|0x0000000745200000, 0x0000000745200000, 0x0000000745300000|  0%| F|  |TAMS 0x0000000745200000, 0x0000000745200000| Untracked 
|  53|0x0000000745300000, 0x0000000745300000, 0x0000000745400000|  0%| F|  |TAMS 0x0000000745300000, 0x0000000745300000| Untracked 
|  54|0x0000000745400000, 0x0000000745400000, 0x0000000745500000|  0%| F|  |TAMS 0x0000000745400000, 0x0000000745400000| Untracked 
|  55|0x0000000745500000, 0x0000000745500000, 0x0000000745600000|  0%| F|  |TAMS 0x0000000745500000, 0x0000000745500000| Untracked 
|  56|0x0000000745600000, 0x0000000745600000, 0x0000000745700000|  0%| F|  |TAMS 0x0000000745600000, 0x0000000745600000| Untracked 
|  57|0x0000000745700000, 0x0000000745700000, 0x0000000745800000|  0%| F|  |TAMS 0x0000000745700000, 0x0000000745700000| Untracked 
|  58|0x0000000745800000, 0x0000000745800000, 0x0000000745900000|  0%| F|  |TAMS 0x0000000745800000, 0x0000000745800000| Untracked 
|  59|0x0000000745900000, 0x0000000745900000, 0x0000000745a00000|  0%| F|  |TAMS 0x0000000745900000, 0x0000000745900000| Untracked 
|  60|0x0000000745a00000, 0x0000000745a00000, 0x0000000745b00000|  0%| F|  |TAMS 0x0000000745a00000, 0x0000000745a00000| Untracked 
|  61|0x0000000745b00000, 0x0000000745b00000, 0x0000000745c00000|  0%| F|  |TAMS 0x0000000745b00000, 0x0000000745b00000| Untracked 
|  62|0x0000000745c00000, 0x0000000745c00000, 0x0000000745d00000|  0%| F|  |TAMS 0x0000000745c00000, 0x0000000745c00000| Untracked 
|  63|0x0000000745d00000, 0x0000000745d00000, 0x0000000745e00000|  0%| F|  |TAMS 0x0000000745d00000, 0x0000000745d00000| Untracked 
|  64|0x0000000745e00000, 0x0000000745e00000, 0x0000000745f00000|  0%| F|  |TAMS 0x0000000745e00000, 0x0000000745e00000| Untracked 
|  65|0x0000000745f00000, 0x0000000745f00000, 0x0000000746000000|  0%| F|  |TAMS 0x0000000745f00000, 0x0000000745f00000| Untracked 
|  66|0x0000000746000000, 0x0000000746000000, 0x0000000746100000|  0%| F|  |TAMS 0x0000000746000000, 0x0000000746000000| Untracked 
|  67|0x0000000746100000, 0x0000000746100000, 0x0000000746200000|  0%| F|  |TAMS 0x0000000746100000, 0x0000000746100000| Untracked 
|  68|0x0000000746200000, 0x0000000746200000, 0x0000000746300000|  0%| F|  |TAMS 0x0000000746200000, 0x0000000746200000| Untracked 
|  69|0x0000000746300000, 0x0000000746300000, 0x0000000746400000|  0%| F|  |TAMS 0x0000000746300000, 0x0000000746300000| Untracked 
|  70|0x0000000746400000, 0x0000000746400000, 0x0000000746500000|  0%| F|  |TAMS 0x0000000746400000, 0x0000000746400000| Untracked 
|  71|0x0000000746500000, 0x0000000746500000, 0x0000000746600000|  0%| F|  |TAMS 0x0000000746500000, 0x0000000746500000| Untracked 
|  72|0x0000000746600000, 0x0000000746600000, 0x0000000746700000|  0%| F|  |TAMS 0x0000000746600000, 0x0000000746600000| Untracked 
|  73|0x0000000746700000, 0x0000000746700000, 0x0000000746800000|  0%| F|  |TAMS 0x0000000746700000, 0x0000000746700000| Untracked 
|  74|0x0000000746800000, 0x0000000746800000, 0x0000000746900000|  0%| F|  |TAMS 0x0000000746800000, 0x0000000746800000| Untracked 
|  75|0x0000000746900000, 0x0000000746900000, 0x0000000746a00000|  0%| F|  |TAMS 0x0000000746900000, 0x0000000746900000| Untracked 
|  76|0x0000000746a00000, 0x0000000746a00000, 0x0000000746b00000|  0%| F|  |TAMS 0x0000000746a00000, 0x0000000746a00000| Untracked 
|  77|0x0000000746b00000, 0x0000000746b00000, 0x0000000746c00000|  0%| F|  |TAMS 0x0000000746b00000, 0x0000000746b00000| Untracked 
|  78|0x0000000746c00000, 0x0000000746c00000, 0x0000000746d00000|  0%| F|  |TAMS 0x0000000746c00000, 0x0000000746c00000| Untracked 
|  79|0x0000000746d00000, 0x0000000746d00000, 0x0000000746e00000|  0%| F|  |TAMS 0x0000000746d00000, 0x0000000746d00000| Untracked 
|  80|0x0000000746e00000, 0x0000000746e00000, 0x0000000746f00000|  0%| F|  |TAMS 0x0000000746e00000, 0x0000000746e00000| Untracked 
|  81|0x0000000746f00000, 0x0000000746f00000, 0x0000000747000000|  0%| F|  |TAMS 0x0000000746f00000, 0x0000000746f00000| Untracked 
|  82|0x0000000747000000, 0x0000000747000000, 0x0000000747100000|  0%| F|  |TAMS 0x0000000747000000, 0x0000000747000000| Untracked 
|  83|0x0000000747100000, 0x0000000747100000, 0x0000000747200000|  0%| F|  |TAMS 0x0000000747100000, 0x0000000747100000| Untracked 
|  84|0x0000000747200000, 0x0000000747200000, 0x0000000747300000|  0%| F|  |TAMS 0x0000000747200000, 0x0000000747200000| Untracked 
|  85|0x0000000747300000, 0x0000000747300000, 0x0000000747400000|  0%| F|  |TAMS 0x0000000747300000, 0x0000000747300000| Untracked 
|  86|0x0000000747400000, 0x0000000747400000, 0x0000000747500000|  0%| F|  |TAMS 0x0000000747400000, 0x0000000747400000| Untracked 
|  87|0x0000000747500000, 0x0000000747500000, 0x0000000747600000|  0%| F|  |TAMS 0x0000000747500000, 0x0000000747500000| Untracked 
|  88|0x0000000747600000, 0x0000000747600000, 0x0000000747700000|  0%| F|  |TAMS 0x0000000747600000, 0x0000000747600000| Untracked 
|  89|0x0000000747700000, 0x0000000747700000, 0x0000000747800000|  0%| F|  |TAMS 0x0000000747700000, 0x0000000747700000| Untracked 
|  90|0x0000000747800000, 0x0000000747881e10, 0x0000000747900000| 50%| S|CS|TAMS 0x0000000747800000, 0x0000000747800000| Complete 
|  91|0x0000000747900000, 0x0000000747a00000, 0x0000000747a00000|100%| S|CS|TAMS 0x0000000747900000, 0x0000000747900000| Complete 
|  92|0x0000000747a00000, 0x0000000747b00000, 0x0000000747b00000|100%| S|CS|TAMS 0x0000000747a00000, 0x0000000747a00000| Complete 
|  93|0x0000000747b00000, 0x0000000747c00000, 0x0000000747c00000|100%| S|CS|TAMS 0x0000000747b00000, 0x0000000747b00000| Complete 
|  94|0x0000000747c00000, 0x0000000747d00000, 0x0000000747d00000|100%| S|CS|TAMS 0x0000000747c00000, 0x0000000747c00000| Complete 
|  95|0x0000000747d00000, 0x0000000747e00000, 0x0000000747e00000|100%| S|CS|TAMS 0x0000000747d00000, 0x0000000747d00000| Complete 
|  96|0x0000000747e00000, 0x0000000747f00000, 0x0000000747f00000|100%| S|CS|TAMS 0x0000000747e00000, 0x0000000747e00000| Complete 
|  97|0x0000000747f00000, 0x0000000748000000, 0x0000000748000000|100%| S|CS|TAMS 0x0000000747f00000, 0x0000000747f00000| Complete 
|  98|0x0000000748000000, 0x0000000748100000, 0x0000000748100000|100%| S|CS|TAMS 0x0000000748000000, 0x0000000748000000| Complete 
|  99|0x0000000748100000, 0x0000000748200000, 0x0000000748200000|100%| S|CS|TAMS 0x0000000748100000, 0x0000000748100000| Complete 
| 100|0x0000000748200000, 0x0000000748300000, 0x0000000748300000|100%| S|CS|TAMS 0x0000000748200000, 0x0000000748200000| Complete 
| 101|0x0000000748300000, 0x0000000748300000, 0x0000000748400000|  0%| F|  |TAMS 0x0000000748300000, 0x0000000748300000| Untracked 
| 102|0x0000000748400000, 0x0000000748400000, 0x0000000748500000|  0%| F|  |TAMS 0x0000000748400000, 0x0000000748400000| Untracked 
| 103|0x0000000748500000, 0x0000000748500000, 0x0000000748600000|  0%| F|  |TAMS 0x0000000748500000, 0x0000000748500000| Untracked 
| 104|0x0000000748600000, 0x0000000748600000, 0x0000000748700000|  0%| F|  |TAMS 0x0000000748600000, 0x0000000748600000| Untracked 
| 105|0x0000000748700000, 0x0000000748700000, 0x0000000748800000|  0%| F|  |TAMS 0x0000000748700000, 0x0000000748700000| Untracked 
| 106|0x0000000748800000, 0x0000000748800000, 0x0000000748900000|  0%| F|  |TAMS 0x0000000748800000, 0x0000000748800000| Untracked 
| 107|0x0000000748900000, 0x0000000748900000, 0x0000000748a00000|  0%| F|  |TAMS 0x0000000748900000, 0x0000000748900000| Untracked 
| 108|0x0000000748a00000, 0x0000000748a00000, 0x0000000748b00000|  0%| F|  |TAMS 0x0000000748a00000, 0x0000000748a00000| Untracked 
| 109|0x0000000748b00000, 0x0000000748b00000, 0x0000000748c00000|  0%| F|  |TAMS 0x0000000748b00000, 0x0000000748b00000| Untracked 
| 110|0x0000000748c00000, 0x0000000748c00000, 0x0000000748d00000|  0%| F|  |TAMS 0x0000000748c00000, 0x0000000748c00000| Untracked 
| 111|0x0000000748d00000, 0x0000000748d00000, 0x0000000748e00000|  0%| F|  |TAMS 0x0000000748d00000, 0x0000000748d00000| Untracked 
| 112|0x0000000748e00000, 0x0000000748e00000, 0x0000000748f00000|  0%| F|  |TAMS 0x0000000748e00000, 0x0000000748e00000| Untracked 
| 113|0x0000000748f00000, 0x0000000748f00000, 0x0000000749000000|  0%| F|  |TAMS 0x0000000748f00000, 0x0000000748f00000| Untracked 
| 114|0x0000000749000000, 0x0000000749000000, 0x0000000749100000|  0%| F|  |TAMS 0x0000000749000000, 0x0000000749000000| Untracked 
| 115|0x0000000749100000, 0x0000000749100000, 0x0000000749200000|  0%| F|  |TAMS 0x0000000749100000, 0x0000000749100000| Untracked 
| 116|0x0000000749200000, 0x0000000749200000, 0x0000000749300000|  0%| F|  |TAMS 0x0000000749200000, 0x0000000749200000| Untracked 
| 117|0x0000000749300000, 0x0000000749300000, 0x0000000749400000|  0%| F|  |TAMS 0x0000000749300000, 0x0000000749300000| Untracked 
| 118|0x0000000749400000, 0x0000000749400000, 0x0000000749500000|  0%| F|  |TAMS 0x0000000749400000, 0x0000000749400000| Untracked 
| 119|0x0000000749500000, 0x0000000749500000, 0x0000000749600000|  0%| F|  |TAMS 0x0000000749500000, 0x0000000749500000| Untracked 
| 120|0x0000000749600000, 0x0000000749600000, 0x0000000749700000|  0%| F|  |TAMS 0x0000000749600000, 0x0000000749600000| Untracked 
| 121|0x0000000749700000, 0x0000000749700000, 0x0000000749800000|  0%| F|  |TAMS 0x0000000749700000, 0x0000000749700000| Untracked 
| 122|0x0000000749800000, 0x0000000749800000, 0x0000000749900000|  0%| F|  |TAMS 0x0000000749800000, 0x0000000749800000| Untracked 
| 123|0x0000000749900000, 0x0000000749900000, 0x0000000749a00000|  0%| F|  |TAMS 0x0000000749900000, 0x0000000749900000| Untracked 
| 124|0x0000000749a00000, 0x0000000749a00000, 0x0000000749b00000|  0%| F|  |TAMS 0x0000000749a00000, 0x0000000749a00000| Untracked 
| 125|0x0000000749b00000, 0x0000000749b00000, 0x0000000749c00000|  0%| F|  |TAMS 0x0000000749b00000, 0x0000000749b00000| Untracked 
| 126|0x0000000749c00000, 0x0000000749c00000, 0x0000000749d00000|  0%| F|  |TAMS 0x0000000749c00000, 0x0000000749c00000| Untracked 
| 127|0x0000000749d00000, 0x0000000749d00000, 0x0000000749e00000|  0%| F|  |TAMS 0x0000000749d00000, 0x0000000749d00000| Untracked 
| 128|0x0000000749e00000, 0x0000000749e00000, 0x0000000749f00000|  0%| F|  |TAMS 0x0000000749e00000, 0x0000000749e00000| Untracked 
| 129|0x0000000749f00000, 0x0000000749f00000, 0x000000074a000000|  0%| F|  |TAMS 0x0000000749f00000, 0x0000000749f00000| Untracked 
| 130|0x000000074a000000, 0x000000074a000000, 0x000000074a100000|  0%| F|  |TAMS 0x000000074a000000, 0x000000074a000000| Untracked 
| 131|0x000000074a100000, 0x000000074a100000, 0x000000074a200000|  0%| F|  |TAMS 0x000000074a100000, 0x000000074a100000| Untracked 
| 132|0x000000074a200000, 0x000000074a200000, 0x000000074a300000|  0%| F|  |TAMS 0x000000074a200000, 0x000000074a200000| Untracked 
| 133|0x000000074a300000, 0x000000074a300000, 0x000000074a400000|  0%| F|  |TAMS 0x000000074a300000, 0x000000074a300000| Untracked 
| 134|0x000000074a400000, 0x000000074a400000, 0x000000074a500000|  0%| F|  |TAMS 0x000000074a400000, 0x000000074a400000| Untracked 
| 135|0x000000074a500000, 0x000000074a500000, 0x000000074a600000|  0%| F|  |TAMS 0x000000074a500000, 0x000000074a500000| Untracked 
| 136|0x000000074a600000, 0x000000074a600000, 0x000000074a700000|  0%| F|  |TAMS 0x000000074a600000, 0x000000074a600000| Untracked 
| 137|0x000000074a700000, 0x000000074a700000, 0x000000074a800000|  0%| F|  |TAMS 0x000000074a700000, 0x000000074a700000| Untracked 
| 138|0x000000074a800000, 0x000000074a800000, 0x000000074a900000|  0%| F|  |TAMS 0x000000074a800000, 0x000000074a800000| Untracked 
| 139|0x000000074a900000, 0x000000074a900000, 0x000000074aa00000|  0%| F|  |TAMS 0x000000074a900000, 0x000000074a900000| Untracked 
| 140|0x000000074aa00000, 0x000000074aa00000, 0x000000074ab00000|  0%| F|  |TAMS 0x000000074aa00000, 0x000000074aa00000| Untracked 
| 141|0x000000074ab00000, 0x000000074ab00000, 0x000000074ac00000|  0%| F|  |TAMS 0x000000074ab00000, 0x000000074ab00000| Untracked 
| 142|0x000000074ac00000, 0x000000074ac00000, 0x000000074ad00000|  0%| F|  |TAMS 0x000000074ac00000, 0x000000074ac00000| Untracked 
| 143|0x000000074ad00000, 0x000000074ad00000, 0x000000074ae00000|  0%| F|  |TAMS 0x000000074ad00000, 0x000000074ad00000| Untracked 
| 144|0x000000074ae00000, 0x000000074ae00000, 0x000000074af00000|  0%| F|  |TAMS 0x000000074ae00000, 0x000000074ae00000| Untracked 
| 145|0x000000074af00000, 0x000000074af00000, 0x000000074b000000|  0%| F|  |TAMS 0x000000074af00000, 0x000000074af00000| Untracked 
| 146|0x000000074b000000, 0x000000074b000000, 0x000000074b100000|  0%| F|  |TAMS 0x000000074b000000, 0x000000074b000000| Untracked 
| 147|0x000000074b100000, 0x000000074b100000, 0x000000074b200000|  0%| F|  |TAMS 0x000000074b100000, 0x000000074b100000| Untracked 
| 148|0x000000074b200000, 0x000000074b200000, 0x000000074b300000|  0%| F|  |TAMS 0x000000074b200000, 0x000000074b200000| Untracked 
| 149|0x000000074b300000, 0x000000074b300000, 0x000000074b400000|  0%| F|  |TAMS 0x000000074b300000, 0x000000074b300000| Untracked 
| 150|0x000000074b400000, 0x000000074b400000, 0x000000074b500000|  0%| F|  |TAMS 0x000000074b400000, 0x000000074b400000| Untracked 
| 151|0x000000074b500000, 0x000000074b500000, 0x000000074b600000|  0%| F|  |TAMS 0x000000074b500000, 0x000000074b500000| Untracked 
| 152|0x000000074b600000, 0x000000074b600000, 0x000000074b700000|  0%| F|  |TAMS 0x000000074b600000, 0x000000074b600000| Untracked 
| 153|0x000000074b700000, 0x000000074b700000, 0x000000074b800000|  0%| F|  |TAMS 0x000000074b700000, 0x000000074b700000| Untracked 
| 154|0x000000074b800000, 0x000000074b800000, 0x000000074b900000|  0%| F|  |TAMS 0x000000074b800000, 0x000000074b800000| Untracked 
| 155|0x000000074b900000, 0x000000074b900000, 0x000000074ba00000|  0%| F|  |TAMS 0x000000074b900000, 0x000000074b900000| Untracked 
| 156|0x000000074ba00000, 0x000000074ba00000, 0x000000074bb00000|  0%| F|  |TAMS 0x000000074ba00000, 0x000000074ba00000| Untracked 
| 157|0x000000074bb00000, 0x000000074bb00000, 0x000000074bc00000|  0%| F|  |TAMS 0x000000074bb00000, 0x000000074bb00000| Untracked 
| 158|0x000000074bc00000, 0x000000074bc00000, 0x000000074bd00000|  0%| F|  |TAMS 0x000000074bc00000, 0x000000074bc00000| Untracked 
| 159|0x000000074bd00000, 0x000000074bd00000, 0x000000074be00000|  0%| F|  |TAMS 0x000000074bd00000, 0x000000074bd00000| Untracked 
| 160|0x000000074be00000, 0x000000074be00000, 0x000000074bf00000|  0%| F|  |TAMS 0x000000074be00000, 0x000000074be00000| Untracked 
| 161|0x000000074bf00000, 0x000000074bf00000, 0x000000074c000000|  0%| F|  |TAMS 0x000000074bf00000, 0x000000074bf00000| Untracked 
| 162|0x000000074c000000, 0x000000074c000000, 0x000000074c100000|  0%| F|  |TAMS 0x000000074c000000, 0x000000074c000000| Untracked 
| 163|0x000000074c100000, 0x000000074c100000, 0x000000074c200000|  0%| F|  |TAMS 0x000000074c100000, 0x000000074c100000| Untracked 
| 164|0x000000074c200000, 0x000000074c200000, 0x000000074c300000|  0%| F|  |TAMS 0x000000074c200000, 0x000000074c200000| Untracked 
| 165|0x000000074c300000, 0x000000074c300000, 0x000000074c400000|  0%| F|  |TAMS 0x000000074c300000, 0x000000074c300000| Untracked 
| 166|0x000000074c400000, 0x000000074c400000, 0x000000074c500000|  0%| F|  |TAMS 0x000000074c400000, 0x000000074c400000| Untracked 
| 167|0x000000074c500000, 0x000000074c500000, 0x000000074c600000|  0%| F|  |TAMS 0x000000074c500000, 0x000000074c500000| Untracked 
| 168|0x000000074c600000, 0x000000074c600000, 0x000000074c700000|  0%| F|  |TAMS 0x000000074c600000, 0x000000074c600000| Untracked 
| 169|0x000000074c700000, 0x000000074c700000, 0x000000074c800000|  0%| F|  |TAMS 0x000000074c700000, 0x000000074c700000| Untracked 
| 170|0x000000074c800000, 0x000000074c800000, 0x000000074c900000|  0%| F|  |TAMS 0x000000074c800000, 0x000000074c800000| Untracked 
| 171|0x000000074c900000, 0x000000074c900000, 0x000000074ca00000|  0%| F|  |TAMS 0x000000074c900000, 0x000000074c900000| Untracked 
| 172|0x000000074ca00000, 0x000000074ca00000, 0x000000074cb00000|  0%| F|  |TAMS 0x000000074ca00000, 0x000000074ca00000| Untracked 
| 173|0x000000074cb00000, 0x000000074cb00000, 0x000000074cc00000|  0%| F|  |TAMS 0x000000074cb00000, 0x000000074cb00000| Untracked 
| 174|0x000000074cc00000, 0x000000074cc00000, 0x000000074cd00000|  0%| F|  |TAMS 0x000000074cc00000, 0x000000074cc00000| Untracked 
| 175|0x000000074cd00000, 0x000000074cd00000, 0x000000074ce00000|  0%| F|  |TAMS 0x000000074cd00000, 0x000000074cd00000| Untracked 
| 176|0x000000074ce00000, 0x000000074ce00000, 0x000000074cf00000|  0%| F|  |TAMS 0x000000074ce00000, 0x000000074ce00000| Untracked 
| 177|0x000000074cf00000, 0x000000074cf00000, 0x000000074d000000|  0%| F|  |TAMS 0x000000074cf00000, 0x000000074cf00000| Untracked 
| 178|0x000000074d000000, 0x000000074d000000, 0x000000074d100000|  0%| F|  |TAMS 0x000000074d000000, 0x000000074d000000| Untracked 
| 179|0x000000074d100000, 0x000000074d100000, 0x000000074d200000|  0%| F|  |TAMS 0x000000074d100000, 0x000000074d100000| Untracked 
| 180|0x000000074d200000, 0x000000074d200000, 0x000000074d300000|  0%| F|  |TAMS 0x000000074d200000, 0x000000074d200000| Untracked 
| 181|0x000000074d300000, 0x000000074d300000, 0x000000074d400000|  0%| F|  |TAMS 0x000000074d300000, 0x000000074d300000| Untracked 
| 182|0x000000074d400000, 0x000000074d400000, 0x000000074d500000|  0%| F|  |TAMS 0x000000074d400000, 0x000000074d400000| Untracked 
| 183|0x000000074d500000, 0x000000074d500000, 0x000000074d600000|  0%| F|  |TAMS 0x000000074d500000, 0x000000074d500000| Untracked 
| 184|0x000000074d600000, 0x000000074d600000, 0x000000074d700000|  0%| F|  |TAMS 0x000000074d600000, 0x000000074d600000| Untracked 
| 185|0x000000074d700000, 0x000000074d700000, 0x000000074d800000|  0%| F|  |TAMS 0x000000074d700000, 0x000000074d700000| Untracked 
| 186|0x000000074d800000, 0x000000074d800000, 0x000000074d900000|  0%| F|  |TAMS 0x000000074d800000, 0x000000074d800000| Untracked 
| 187|0x000000074d900000, 0x000000074d900000, 0x000000074da00000|  0%| F|  |TAMS 0x000000074d900000, 0x000000074d900000| Untracked 
| 188|0x000000074da00000, 0x000000074da00000, 0x000000074db00000|  0%| F|  |TAMS 0x000000074da00000, 0x000000074da00000| Untracked 
| 189|0x000000074db00000, 0x000000074db00000, 0x000000074dc00000|  0%| F|  |TAMS 0x000000074db00000, 0x000000074db00000| Untracked 
| 190|0x000000074dc00000, 0x000000074dc00000, 0x000000074dd00000|  0%| F|  |TAMS 0x000000074dc00000, 0x000000074dc00000| Untracked 
| 191|0x000000074dd00000, 0x000000074dd00000, 0x000000074de00000|  0%| F|  |TAMS 0x000000074dd00000, 0x000000074dd00000| Untracked 
| 192|0x000000074de00000, 0x000000074de00000, 0x000000074df00000|  0%| F|  |TAMS 0x000000074de00000, 0x000000074de00000| Untracked 
| 193|0x000000074df00000, 0x000000074df00000, 0x000000074e000000|  0%| F|  |TAMS 0x000000074df00000, 0x000000074df00000| Untracked 
| 194|0x000000074e000000, 0x000000074e000000, 0x000000074e100000|  0%| F|  |TAMS 0x000000074e000000, 0x000000074e000000| Untracked 
| 195|0x000000074e100000, 0x000000074e100000, 0x000000074e200000|  0%| F|  |TAMS 0x000000074e100000, 0x000000074e100000| Untracked 
| 196|0x000000074e200000, 0x000000074e200000, 0x000000074e300000|  0%| F|  |TAMS 0x000000074e200000, 0x000000074e200000| Untracked 
| 197|0x000000074e300000, 0x000000074e300000, 0x000000074e400000|  0%| F|  |TAMS 0x000000074e300000, 0x000000074e300000| Untracked 
| 198|0x000000074e400000, 0x000000074e400000, 0x000000074e500000|  0%| F|  |TAMS 0x000000074e400000, 0x000000074e400000| Untracked 
| 199|0x000000074e500000, 0x000000074e500000, 0x000000074e600000|  0%| F|  |TAMS 0x000000074e500000, 0x000000074e500000| Untracked 
| 200|0x000000074e600000, 0x000000074e600000, 0x000000074e700000|  0%| F|  |TAMS 0x000000074e600000, 0x000000074e600000| Untracked 
| 201|0x000000074e700000, 0x000000074e700000, 0x000000074e800000|  0%| F|  |TAMS 0x000000074e700000, 0x000000074e700000| Untracked 
| 202|0x000000074e800000, 0x000000074e800000, 0x000000074e900000|  0%| F|  |TAMS 0x000000074e800000, 0x000000074e800000| Untracked 
| 203|0x000000074e900000, 0x000000074e900000, 0x000000074ea00000|  0%| F|  |TAMS 0x000000074e900000, 0x000000074e900000| Untracked 
| 204|0x000000074ea00000, 0x000000074ea00000, 0x000000074eb00000|  0%| F|  |TAMS 0x000000074ea00000, 0x000000074ea00000| Untracked 
| 205|0x000000074eb00000, 0x000000074eb00000, 0x000000074ec00000|  0%| F|  |TAMS 0x000000074eb00000, 0x000000074eb00000| Untracked 
| 206|0x000000074ec00000, 0x000000074ec00000, 0x000000074ed00000|  0%| F|  |TAMS 0x000000074ec00000, 0x000000074ec00000| Untracked 
| 207|0x000000074ed00000, 0x000000074ed00000, 0x000000074ee00000|  0%| F|  |TAMS 0x000000074ed00000, 0x000000074ed00000| Untracked 
| 208|0x000000074ee00000, 0x000000074ee00000, 0x000000074ef00000|  0%| F|  |TAMS 0x000000074ee00000, 0x000000074ee00000| Untracked 
| 209|0x000000074ef00000, 0x000000074ef00000, 0x000000074f000000|  0%| F|  |TAMS 0x000000074ef00000, 0x000000074ef00000| Untracked 
| 210|0x000000074f000000, 0x000000074f000000, 0x000000074f100000|  0%| F|  |TAMS 0x000000074f000000, 0x000000074f000000| Untracked 
| 211|0x000000074f100000, 0x000000074f100000, 0x000000074f200000|  0%| F|  |TAMS 0x000000074f100000, 0x000000074f100000| Untracked 
| 212|0x000000074f200000, 0x000000074f200000, 0x000000074f300000|  0%| F|  |TAMS 0x000000074f200000, 0x000000074f200000| Untracked 
| 213|0x000000074f300000, 0x000000074f300000, 0x000000074f400000|  0%| F|  |TAMS 0x000000074f300000, 0x000000074f300000| Untracked 
| 214|0x000000074f400000, 0x000000074f400000, 0x000000074f500000|  0%| F|  |TAMS 0x000000074f400000, 0x000000074f400000| Untracked 
| 215|0x000000074f500000, 0x000000074f500000, 0x000000074f600000|  0%| F|  |TAMS 0x000000074f500000, 0x000000074f500000| Untracked 
| 216|0x000000074f600000, 0x000000074f600000, 0x000000074f700000|  0%| F|  |TAMS 0x000000074f600000, 0x000000074f600000| Untracked 
| 217|0x000000074f700000, 0x000000074f700000, 0x000000074f800000|  0%| F|  |TAMS 0x000000074f700000, 0x000000074f700000| Untracked 
| 218|0x000000074f800000, 0x000000074f800000, 0x000000074f900000|  0%| F|  |TAMS 0x000000074f800000, 0x000000074f800000| Untracked 
| 219|0x000000074f900000, 0x000000074f900000, 0x000000074fa00000|  0%| F|  |TAMS 0x000000074f900000, 0x000000074f900000| Untracked 
| 220|0x000000074fa00000, 0x000000074fa00000, 0x000000074fb00000|  0%| F|  |TAMS 0x000000074fa00000, 0x000000074fa00000| Untracked 
| 221|0x000000074fb00000, 0x000000074fb00000, 0x000000074fc00000|  0%| F|  |TAMS 0x000000074fb00000, 0x000000074fb00000| Untracked 
| 222|0x000000074fc00000, 0x000000074fc00000, 0x000000074fd00000|  0%| F|  |TAMS 0x000000074fc00000, 0x000000074fc00000| Untracked 
| 223|0x000000074fd00000, 0x000000074fd00000, 0x000000074fe00000|  0%| F|  |TAMS 0x000000074fd00000, 0x000000074fd00000| Untracked 
| 224|0x000000074fe00000, 0x000000074fe00000, 0x000000074ff00000|  0%| F|  |TAMS 0x000000074fe00000, 0x000000074fe00000| Untracked 
| 225|0x000000074ff00000, 0x000000074ff00000, 0x0000000750000000|  0%| F|  |TAMS 0x000000074ff00000, 0x000000074ff00000| Untracked 
| 226|0x0000000750000000, 0x0000000750000000, 0x0000000750100000|  0%| F|  |TAMS 0x0000000750000000, 0x0000000750000000| Untracked 
| 227|0x0000000750100000, 0x0000000750100000, 0x0000000750200000|  0%| F|  |TAMS 0x0000000750100000, 0x0000000750100000| Untracked 
| 228|0x0000000750200000, 0x0000000750200000, 0x0000000750300000|  0%| F|  |TAMS 0x0000000750200000, 0x0000000750200000| Untracked 
| 229|0x0000000750300000, 0x0000000750300000, 0x0000000750400000|  0%| F|  |TAMS 0x0000000750300000, 0x0000000750300000| Untracked 
| 230|0x0000000750400000, 0x0000000750400000, 0x0000000750500000|  0%| F|  |TAMS 0x0000000750400000, 0x0000000750400000| Untracked 

Card table byte_map: [0x000001df9bce0000,0x000001df9c2e0000] _byte_map_base: 0x000001df982d1000

Marking Bits (Prev, Next): (CMBitMap*) 0x000001df83fe08a0, (CMBitMap*) 0x000001df83fe0868
 Prev Bits: [0x000001df9f870000, 0x000001dfa27f8000)
 Next Bits: [0x000001df9c8e0000, 0x000001df9f868000)

Polling page: 0x000001df81f80000

Metaspace:

Usage:
  Non-class:     48.52 MB capacity,    47.62 MB ( 98%) used,   729.91 KB (  1%) free+waste,   193.44 KB ( <1%) overhead. 
      Class:      7.59 MB capacity,     6.96 MB ( 92%) used,   550.09 KB (  7%) free+waste,    92.75 KB (  1%) overhead. 
       Both:     56.11 MB capacity,    54.58 MB ( 97%) used,     1.25 MB (  2%) free+waste,   286.19 KB ( <1%) overhead. 

Virtual space:
  Non-class space:       50.00 MB reserved,      48.71 MB ( 97%) committed 
      Class space:        1.00 GB reserved,       7.62 MB ( <1%) committed 
             Both:        1.05 GB reserved,      56.33 MB (  5%) committed 

Chunk freelists:
   Non-Class:  0 bytes
       Class:  6.00 KB
        Both:  6.00 KB

MaxMetaspaceSize: 17179869184.00 GB
CompressedClassSpaceSize: 1.00 GB
Initial GC threshold: 20.80 MB
Current GC threshold: 79.30 MB
CDS: off

CodeHeap 'non-profiled nmethods': size=238912Kb used=8139Kb max_used=8139Kb free=230772Kb
 bounds [0x000001df8cd90000, 0x000001df8d590000, 0x000001df9b6e0000]
CodeHeap 'non-nmethods': size=6848Kb used=1353Kb max_used=1353Kb free=5494Kb
 bounds [0x000001df8c6e0000, 0x000001df8c950000, 0x000001df8cd90000]
 total_blobs=5398 nmethods=4828 adapters=505
 compilation: enabled
              stopped_count=0, restarted_count=0
 full_count=0

Compilation events (20 events):
Event: 8.647 Thread 0x000001dfa55b6000 nmethod 4819 0x000001df8d57a090 code [0x000001df8d57a240, 0x000001df8d57a398]
Event: 8.647 Thread 0x000001dfa55b6000 4820       1       org.springframework.orm.jpa.support.PersistenceAnnotationBeanPostProcessor$$Lambda$448/0x0000000800358c40::get$Lambda (11 bytes)
Event: 8.647 Thread 0x000001dfa55b6000 nmethod 4820 0x000001df8d57a410 code [0x000001df8d57a5c0, 0x000001df8d57a7f8]
Event: 8.647 Thread 0x000001dfa55b6000 4821       1       org.springframework.orm.jpa.support.PersistenceAnnotationBeanPostProcessor$$Lambda$448/0x0000000800358c40::<init> (20 bytes)
Event: 8.648 Thread 0x000001dfa55b6000 nmethod 4821 0x000001df8d57a890 code [0x000001df8d57aa40, 0x000001df8d57ac18]
Event: 8.648 Thread 0x000001dfa55b6000 4822       1       org.springframework.context.annotation.CommonAnnotationBeanPostProcessor$$Lambda$450/0x0000000800380840::get$Lambda (10 bytes)
Event: 8.648 Thread 0x000001dfa55b6000 nmethod 4822 0x000001df8d57ac90 code [0x000001df8d57ae40, 0x000001df8d57afd8]
Event: 8.648 Thread 0x000001dfa55b6000 4823       1       org.springframework.context.annotation.CommonAnnotationBeanPostProcessor$$Lambda$450/0x0000000800380840::<init> (15 bytes)
Event: 8.648 Thread 0x000001dfa55b6000 nmethod 4823 0x000001df8d57b090 code [0x000001df8d57b240, 0x000001df8d57b398]
Event: 8.648 Thread 0x000001dfa55b6000 4824       1       org.springframework.beans.factory.annotation.AutowiredAnnotationBeanPostProcessor$$Lambda$452/0x0000000800381040::get$Lambda (10 bytes)
Event: 8.648 Thread 0x000001dfa55b6000 nmethod 4824 0x000001df8d57b410 code [0x000001df8d57b5c0, 0x000001df8d57b758]
Event: 8.649 Thread 0x000001dfa55b6000 4825       1       com.sun.beans.introspect.ClassInfo::<init> (21 bytes)
Event: 8.649 Thread 0x000001dfa55b6000 nmethod 4825 0x000001df8d57b810 code [0x000001df8d57b9c0, 0x000001df8d57bb78]
Event: 8.650 Thread 0x000001dfa55b6000 4829       1       com.sun.beans.introspect.EventSetInfo::get (373 bytes)
Event: 8.653 Thread 0x000001dfa55b6000 nmethod 4829 0x000001df8d57bc10 code [0x000001df8d57c000, 0x000001df8d57d168]
Event: 8.654 Thread 0x000001dfa55b6000 4830       1       com.sun.beans.introspect.PropertyInfo::get (495 bytes)
Event: 8.662 Thread 0x000001dfa55b6000 nmethod 4830 0x000001df8d57dd90 code [0x000001df8d57e3c0, 0x000001df8d5811c8]
Event: 8.662 Thread 0x000001dfa55b6000 4826       1       com.sun.beans.introspect.ClassInfo$1::create (9 bytes)
Event: 8.662 Thread 0x000001dfa55b6000 nmethod 4826 0x000001df8d582a10 code [0x000001df8d582bc0, 0x000001df8d582e58]
Event: 8.662 Thread 0x000001dfa55b6000 4827       1       com.sun.beans.introspect.ClassInfo$1::create (9 bytes)

GC Heap History (17 events):
Event: 0.864 GC heap before
{Heap before GC invocations=0 (full 0):
 garbage-first heap   total 196608K, used 14336K [0x0000000741e00000, 0x0000000800000000)
  region size 1024K, 14 young (14336K), 0 survivors (0K)
 Metaspace       used 9381K, capacity 9571K, committed 9728K, reserved 1058816K
  class space    used 860K, capacity 912K, committed 1024K, reserved 1048576K
}
Event: 0.870 GC heap after
{Heap after GC invocations=1 (full 0):
 garbage-first heap   total 196608K, used 6082K [0x0000000741e00000, 0x0000000800000000)
  region size 1024K, 2 young (2048K), 2 survivors (2048K)
 Metaspace       used 9381K, capacity 9571K, committed 9728K, reserved 1058816K
  class space    used 860K, capacity 912K, committed 1024K, reserved 1048576K
}
Event: 1.119 GC heap before
{Heap before GC invocations=1 (full 0):
 garbage-first heap   total 196608K, used 14274K [0x0000000741e00000, 0x0000000800000000)
  region size 1024K, 10 young (10240K), 2 survivors (2048K)
 Metaspace       used 11465K, capacity 11798K, committed 12032K, reserved 1060864K
  class space    used 1156K, capacity 1256K, committed 1280K, reserved 1048576K
}
Event: 1.123 GC heap after
{Heap after GC invocations=2 (full 0):
 garbage-first heap   total 196608K, used 6875K [0x0000000741e00000, 0x0000000800000000)
  region size 1024K, 1 young (1024K), 1 survivors (1024K)
 Metaspace       used 11465K, capacity 11798K, committed 12032K, reserved 1060864K
  class space    used 1156K, capacity 1256K, committed 1280K, reserved 1048576K
}
Event: 1.725 GC heap before
{Heap before GC invocations=2 (full 0):
 garbage-first heap   total 196608K, used 31451K [0x0000000741e00000, 0x0000000800000000)
  region size 1024K, 26 young (26624K), 1 survivors (1024K)
 Metaspace       used 17159K, capacity 17643K, committed 17792K, reserved 1064960K
  class space    used 1883K, capacity 2067K, committed 2176K, reserved 1048576K
}
Event: 1.731 GC heap after
{Heap after GC invocations=3 (full 0):
 garbage-first heap   total 196608K, used 8110K [0x0000000741e00000, 0x0000000800000000)
  region size 1024K, 2 young (2048K), 2 survivors (2048K)
 Metaspace       used 17159K, capacity 17643K, committed 17792K, reserved 1064960K
  class space    used 1883K, capacity 2067K, committed 2176K, reserved 1048576K
}
Event: 2.065 GC heap before
{Heap before GC invocations=3 (full 0):
 garbage-first heap   total 196608K, used 29614K [0x0000000741e00000, 0x0000000800000000)
  region size 1024K, 24 young (24576K), 2 survivors (2048K)
 Metaspace       used 20643K, capacity 21216K, committed 21248K, reserved 1069056K
  class space    used 2326K, capacity 2558K, committed 2560K, reserved 1048576K
}
Event: 2.071 GC heap after
{Heap after GC invocations=4 (full 0):
 garbage-first heap   total 196608K, used 8775K [0x0000000741e00000, 0x0000000800000000)
  region size 1024K, 3 young (3072K), 3 survivors (3072K)
 Metaspace       used 20643K, capacity 21216K, committed 21248K, reserved 1069056K
  class space    used 2326K, capacity 2558K, committed 2560K, reserved 1048576K
}
Event: 2.903 GC heap before
{Heap before GC invocations=5 (full 0):
 garbage-first heap   total 196608K, used 52807K [0x0000000741e00000, 0x0000000800000000)
  region size 1024K, 46 young (47104K), 3 survivors (3072K)
 Metaspace       used 23532K, capacity 24226K, committed 24316K, reserved 1071104K
  class space    used 2723K, capacity 3003K, committed 3068K, reserved 1048576K
}
Event: 2.916 GC heap after
{Heap after GC invocations=6 (full 0):
 garbage-first heap   total 236544K, used 10844K [0x0000000741e00000, 0x0000000800000000)
  region size 1024K, 5 young (5120K), 5 survivors (5120K)
 Metaspace       used 23532K, capacity 24226K, committed 24316K, reserved 1071104K
  class space    used 2723K, capacity 3003K, committed 3068K, reserved 1048576K
}
Event: 4.624 GC heap before
{Heap before GC invocations=6 (full 0):
 garbage-first heap   total 236544K, used 83548K [0x0000000741e00000, 0x0000000800000000)
  region size 1024K, 76 young (77824K), 5 survivors (5120K)
 Metaspace       used 31599K, capacity 32651K, committed 33020K, reserved 1077248K
  class space    used 3789K, capacity 4205K, committed 4348K, reserved 1048576K
}
Event: 4.637 GC heap after
{Heap after GC invocations=7 (full 0):
 garbage-first heap   total 236544K, used 15342K [0x0000000741e00000, 0x0000000800000000)
  region size 1024K, 9 young (9216K), 9 survivors (9216K)
 Metaspace       used 31599K, capacity 32651K, committed 33020K, reserved 1077248K
  class space    used 3789K, capacity 4205K, committed 4348K, reserved 1048576K
}
Event: 5.066 GC heap before
{Heap before GC invocations=7 (full 0):
 garbage-first heap   total 236544K, used 34798K [0x0000000741e00000, 0x0000000800000000)
  region size 1024K, 29 young (29696K), 9 survivors (9216K)
 Metaspace       used 34898K, capacity 35958K, committed 36048K, reserved 1081344K
  class space    used 4106K, capacity 4541K, committed 4604K, reserved 1048576K
}
Event: 5.091 GC heap after
{Heap after GC invocations=8 (full 0):
 garbage-first heap   total 236544K, used 18130K [0x0000000741e00000, 0x0000000800000000)
  region size 1024K, 10 young (10240K), 10 survivors (10240K)
 Metaspace       used 34898K, capacity 35958K, committed 36048K, reserved 1081344K
  class space    used 4106K, capacity 4541K, committed 4604K, reserved 1048576K
}
Event: 6.744 GC heap before
{Heap before GC invocations=9 (full 0):
 garbage-first heap   total 236544K, used 105170K [0x0000000741e00000, 0x0000000800000000)
  region size 1024K, 95 young (97280K), 10 survivors (10240K)
 Metaspace       used 46965K, capacity 48219K, committed 48336K, reserved 1091584K
  class space    used 5824K, capacity 6341K, committed 6396K, reserved 1048576K
}
Event: 6.774 GC heap after
{Heap after GC invocations=10 (full 0):
 garbage-first heap   total 236544K, used 21225K [0x0000000741e00000, 0x0000000800000000)
  region size 1024K, 6 young (6144K), 6 survivors (6144K)
 Metaspace       used 46965K, capacity 48219K, committed 48336K, reserved 1091584K
  class space    used 5824K, capacity 6341K, committed 6396K, reserved 1048576K
}
Event: 8.662 GC heap before
{Heap before GC invocations=11 (full 0):
 garbage-first heap   total 236544K, used 148201K [0x0000000741e00000, 0x0000000800000000)
  region size 1024K, 130 young (133120K), 6 survivors (6144K)
 Metaspace       used 55888K, capacity 57455K, committed 57680K, reserved 1099776K
  class space    used 7127K, capacity 7770K, committed 7804K, reserved 1048576K
}

Deoptimization events (20 events):
Event: 8.656 Thread 0x000001df83f8e800 DEOPT PACKING pc=0x000001df8ce7311c sp=0x0000006983ffd6c0
Event: 8.656 Thread 0x000001df83f8e800 DEOPT UNPACKING pc=0x000001df8c72a95e sp=0x0000006983ffcb78 mode 1
Event: 8.656 Thread 0x000001df83f8e800 DEOPT PACKING pc=0x000001df8cefaf7c sp=0x0000006983ffe160
Event: 8.656 Thread 0x000001df83f8e800 DEOPT UNPACKING pc=0x000001df8c72a95e sp=0x0000006983ffd638 mode 1
Event: 8.656 Thread 0x000001df83f8e800 DEOPT PACKING pc=0x000001df8d3c2314 sp=0x0000006983ffe200
Event: 8.656 Thread 0x000001df83f8e800 DEOPT UNPACKING pc=0x000001df8c72a95e sp=0x0000006983ffd750 mode 1
Event: 8.656 Thread 0x000001df83f8e800 DEOPT PACKING pc=0x000001df8d0b1624 sp=0x0000006983ffe210
Event: 8.656 Thread 0x000001df83f8e800 DEOPT UNPACKING pc=0x000001df8c72a95e sp=0x0000006983ffd6e0 mode 1
Event: 8.656 Thread 0x000001df83f8e800 DEOPT PACKING pc=0x000001df8d166fc4 sp=0x0000006983ffe670
Event: 8.656 Thread 0x000001df83f8e800 DEOPT UNPACKING pc=0x000001df8c72a95e sp=0x0000006983ffdb90 mode 1
Event: 8.656 Thread 0x000001df83f8e800 DEOPT PACKING pc=0x000001df8d4bce84 sp=0x0000006983ffe750
Event: 8.656 Thread 0x000001df83f8e800 DEOPT UNPACKING pc=0x000001df8c72a95e sp=0x0000006983ffdbb0 mode 1
Event: 8.656 Thread 0x000001df83f8e800 DEOPT PACKING pc=0x000001df8d166fc4 sp=0x0000006983ffe670
Event: 8.656 Thread 0x000001df83f8e800 DEOPT UNPACKING pc=0x000001df8c72a95e sp=0x0000006983ffdb90 mode 1
Event: 8.656 Thread 0x000001df83f8e800 DEOPT PACKING pc=0x000001df8d4bce84 sp=0x0000006983ffe750
Event: 8.656 Thread 0x000001df83f8e800 DEOPT UNPACKING pc=0x000001df8c72a95e sp=0x0000006983ffdbb0 mode 1
Event: 8.657 Thread 0x000001df83f8e800 DEOPT PACKING pc=0x000001df8d166fc4 sp=0x0000006983ffe8d0
Event: 8.657 Thread 0x000001df83f8e800 DEOPT UNPACKING pc=0x000001df8c72a95e sp=0x0000006983ffde08 mode 1
Event: 8.657 Thread 0x000001df83f8e800 DEOPT PACKING pc=0x000001df8d166fc4 sp=0x0000006983ffe8d0
Event: 8.657 Thread 0x000001df83f8e800 DEOPT UNPACKING pc=0x000001df8c72a95e sp=0x0000006983ffde08 mode 1

Classes redefined (0 events):
No events

Internal exceptions (20 events):
Event: 8.630 Thread 0x000001df83f8e800 Exception <a 'java/lang/ClassNotFoundException'{0x0000000748400d58}: org/springframework/boot/autoconfigure/task/TaskExecutionAutoConfigurationCustomizer> (0x0000000748400d58) thrown at [./src/hotspot/share/classfile/systemDictionary.cpp, line 230]
Event: 8.633 Thread 0x000001df83f8e800 Exception <a 'java/lang/ClassNotFoundException'{0x00000007484178f0}: java/lang/ObjectCustomizer> (0x00000007484178f0) thrown at [./src/hotspot/share/classfile/systemDictionary.cpp, line 230]
Event: 8.634 Thread 0x000001df83f8e800 Exception <a 'java/lang/ClassNotFoundException'{0x00000007484306a8}: org/springframework/boot/autoconfigure/task/TaskExecutionPropertiesCustomizer> (0x00000007484306a8) thrown at [./src/hotspot/share/classfile/systemDictionary.cpp, line 230]
Event: 8.639 Thread 0x000001df83f8e800 Exception <a 'java/lang/ClassNotFoundException'{0x0000000748472be8}: java/lang/ObjectCustomizer> (0x0000000748472be8) thrown at [./src/hotspot/share/classfile/systemDictionary.cpp, line 230]
Event: 8.640 Thread 0x000001df83f8e800 Exception <a 'java/lang/ClassNotFoundException'{0x00000007484895f8}: org/springframework/boot/task/TaskExecutorBuilderCustomizer> (0x00000007484895f8) thrown at [./src/hotspot/share/classfile/systemDictionary.cpp, line 230]
Event: 8.642 Thread 0x000001df83f8e800 Exception <a 'java/lang/ClassNotFoundException'{0x00000007484aa008}: java/lang/ObjectCustomizer> (0x00000007484aa008) thrown at [./src/hotspot/share/classfile/systemDictionary.cpp, line 230]
Event: 8.643 Thread 0x000001df83f8e800 Exception <a 'java/lang/ClassNotFoundException'{0x00000007484c9a50}: org/springframework/boot/autoconfigure/web/servlet/error/ErrorMvcAutoConfiguration$WhitelabelErrorViewConfigurationCustomizer> (0x00000007484c9a50) thrown at [./src/hotspot/share/classfile/systemDictionary.cpp, line 230]
Event: 8.644 Thread 0x000001df83f8e800 Exception <a 'java/lang/ClassNotFoundException'{0x00000007484d4d38}: java/lang/ObjectCustomizer> (0x00000007484d4d38) thrown at [./src/hotspot/share/classfile/systemDictionary.cpp, line 230]
Event: 8.645 Thread 0x000001df83f8e800 Exception <a 'java/lang/ClassNotFoundException'{0x00000007484f18f0}: org/springframework/boot/autoconfigure/web/servlet/error/ErrorMvcAutoConfiguration$StaticViewCustomizer> (0x00000007484f18f0) thrown at [./src/hotspot/share/classfile/systemDictionary.cpp, line 230]
Event: 8.645 Thread 0x000001df83f8e800 Exception <a 'java/lang/ClassNotFoundException'{0x00000007483083a0}: org/springframework/web/servlet/ViewCustomizer> (0x00000007483083a0) thrown at [./src/hotspot/share/classfile/systemDictionary.cpp, line 230]
Event: 8.648 Thread 0x000001df83f8e800 Exception <a 'java/lang/ClassNotFoundException'{0x0000000748318670}: java/lang/ObjectCustomizer> (0x0000000748318670) thrown at [./src/hotspot/share/classfile/systemDictionary.cpp, line 230]
Event: 8.649 Thread 0x000001df83f8e800 Exception <a 'java/lang/ClassNotFoundException'{0x0000000748330748}: org/springframework/context/support/ApplicationObjectSupportCustomizer> (0x0000000748330748) thrown at [./src/hotspot/share/classfile/systemDictionary.cpp, line 230]
Event: 8.650 Thread 0x000001df83f8e800 Exception <a 'java/lang/ClassNotFoundException'{0x00000007483499b0}: org/springframework/web/context/support/WebApplicationObjectSupportCustomizer> (0x00000007483499b0) thrown at [./src/hotspot/share/classfile/systemDictionary.cpp, line 230]
Event: 8.651 Thread 0x000001df83f8e800 Exception <a 'java/lang/ClassNotFoundException'{0x00000007483603d0}: org/springframework/web/servlet/view/BeanNameViewResolverCustomizer> (0x00000007483603d0) thrown at [./src/hotspot/share/classfile/systemDictionary.cpp, line 230]
Event: 8.652 Thread 0x000001df83f8e800 Exception <a 'java/lang/ClassNotFoundException'{0x0000000748378108}: org/springframework/web/servlet/ViewResolverCustomizer> (0x0000000748378108) thrown at [./src/hotspot/share/classfile/systemDictionary.cpp, line 230]
Event: 8.653 Thread 0x000001df83f8e800 Exception <a 'java/lang/ClassNotFoundException'{0x0000000748389d48}: org/springframework/core/OrderedCustomizer> (0x0000000748389d48) thrown at [./src/hotspot/share/classfile/systemDictionary.cpp, line 230]
Event: 8.654 Thread 0x000001df83f8e800 Exception <a 'java/lang/ClassNotFoundException'{0x000000074839e028}: org/springframework/web/context/ServletContextAwareCustomizer> (0x000000074839e028) thrown at [./src/hotspot/share/classfile/systemDictionary.cpp, line 230]
Event: 8.655 Thread 0x000001df83f8e800 Exception <a 'java/lang/ClassNotFoundException'{0x00000007483b0a40}: org/springframework/beans/factory/AwareCustomizer> (0x00000007483b0a40) thrown at [./src/hotspot/share/classfile/systemDictionary.cpp, line 230]
Event: 8.656 Thread 0x000001df83f8e800 Exception <a 'java/lang/ClassNotFoundException'{0x00000007483c41a0}: org/springframework/context/ApplicationContextAwareCustomizer> (0x00000007483c41a0) thrown at [./src/hotspot/share/classfile/systemDictionary.cpp, line 230]
Event: 8.656 Thread 0x000001df83f8e800 Exception <a 'java/lang/ClassNotFoundException'{0x00000007483d70d8}: org/springframework/beans/factory/AwareCustomizer> (0x00000007483d70d8) thrown at [./src/hotspot/share/classfile/systemDictionary.cpp, line 230]

Events (20 events):
Event: 8.655 loading class org/springframework/context/ApplicationContextAwareCustomizer done
Event: 8.656 loading class org/springframework/context/ApplicationContextAwareCustomizer
Event: 8.656 loading class org/springframework/context/ApplicationContextAwareCustomizer done
Event: 8.656 loading class org/springframework/beans/factory/AwareCustomizer
Event: 8.656 loading class org/springframework/beans/factory/AwareCustomizer done
Event: 8.656 loading class org/springframework/beans/factory/AwareCustomizer
Event: 8.656 loading class org/springframework/beans/factory/AwareCustomizer done
Event: 8.656 loading class org/springframework/beans/factory/AwareCustomizer
Event: 8.656 loading class org/springframework/beans/factory/AwareCustomizer done
Event: 8.659 loading class org/springframework/boot/autoconfigure/web/WebProperties$Resources$Chain$Strategy
Event: 8.659 loading class org/springframework/boot/autoconfigure/web/WebProperties$Resources$Chain$Strategy done
Event: 8.659 loading class org/springframework/boot/autoconfigure/web/WebProperties$Resources$Chain$Strategy$Fixed
Event: 8.659 loading class org/springframework/boot/autoconfigure/web/WebProperties$Resources$Chain$Strategy$Fixed done
Event: 8.660 loading class org/springframework/boot/autoconfigure/web/WebProperties$Resources$Chain$Strategy$Content
Event: 8.660 loading class org/springframework/boot/autoconfigure/web/WebProperties$Resources$Chain$Strategy$Content done
Event: 8.661 loading class org/springframework/boot/autoconfigure/web/WebProperties$Resources$Cache
Event: 8.661 loading class org/springframework/boot/autoconfigure/web/WebProperties$Resources$Cache done
Event: 8.662 loading class org/springframework/boot/autoconfigure/web/WebProperties$Resources$Cache$Cachecontrol
Event: 8.662 loading class org/springframework/boot/autoconfigure/web/WebProperties$Resources$Cache$Cachecontrol done
Event: 8.662 Executing VM operation: G1CollectForAllocation


Dynamic libraries:
0x00007ff62f940000 - 0x00007ff62f94d000 	C:\Program Files\OpenJDK\openjdk-11.0.15_10\bin\java.exe
0x00007ffdcccd0000 - 0x00007ffdccec8000 	C:\WINDOWS\SYSTEM32\ntdll.dll
0x00007ffdcb4d0000 - 0x00007ffdcb58f000 	C:\WINDOWS\System32\KERNEL32.DLL
0x00007ffdca610000 - 0x00007ffdca906000 	C:\WINDOWS\System32\KERNELBASE.dll
0x00007ffdca450000 - 0x00007ffdca550000 	C:\WINDOWS\System32\ucrtbase.dll
0x00007ffdc3f00000 - 0x00007ffdc3f16000 	C:\Program Files\OpenJDK\openjdk-11.0.15_10\bin\VCRUNTIME140.dll
0x00007ffdc4960000 - 0x00007ffdc4978000 	C:\Program Files\OpenJDK\openjdk-11.0.15_10\bin\jli.dll
0x00007ffdcb310000 - 0x00007ffdcb4ad000 	C:\WINDOWS\System32\USER32.dll
0x00007ffdca910000 - 0x00007ffdca932000 	C:\WINDOWS\System32\win32u.dll
0x00007ffdbe8f0000 - 0x00007ffdbeb8a000 	C:\WINDOWS\WinSxS\amd64_microsoft.windows.common-controls_6595b64144ccf1df_6.0.19041.1110_none_60b5254171f9507e\COMCTL32.dll
0x00007ffdcb590000 - 0x00007ffdcb5bc000 	C:\WINDOWS\System32\GDI32.dll
0x00007ffdcb5c0000 - 0x00007ffdcb65e000 	C:\WINDOWS\System32\msvcrt.dll
0x00007ffdcaab0000 - 0x00007ffdcabc5000 	C:\WINDOWS\System32\gdi32full.dll
0x00007ffdca3b0000 - 0x00007ffdca44d000 	C:\WINDOWS\System32\msvcp_win.dll
0x00007ffdcc7b0000 - 0x00007ffdcc7e0000 	C:\WINDOWS\System32\IMM32.DLL
0x00007ffda4d30000 - 0x00007ffda4dda000 	C:\Program Files\OpenJDK\openjdk-11.0.15_10\bin\msvcp140.dll
0x00007ffd70c30000 - 0x00007ffd71781000 	C:\Program Files\OpenJDK\openjdk-11.0.15_10\bin\server\jvm.dll
0x00007ffdcbc10000 - 0x00007ffdcbcbf000 	C:\WINDOWS\System32\ADVAPI32.dll
0x00007ffdcad30000 - 0x00007ffdcadcc000 	C:\WINDOWS\System32\sechost.dll
0x00007ffdcbd70000 - 0x00007ffdcbe96000 	C:\WINDOWS\System32\RPCRT4.dll
0x00007ffdcc7a0000 - 0x00007ffdcc7a8000 	C:\WINDOWS\System32\PSAPI.DLL
0x00007ffdbe840000 - 0x00007ffdbe849000 	C:\WINDOWS\SYSTEM32\WSOCK32.dll
0x00007ffdbd360000 - 0x00007ffdbd387000 	C:\WINDOWS\SYSTEM32\WINMM.dll
0x00007ffdcb7c0000 - 0x00007ffdcb82b000 	C:\WINDOWS\System32\WS2_32.dll
0x00007ffdc21e0000 - 0x00007ffdc21ea000 	C:\WINDOWS\SYSTEM32\VERSION.dll
0x00007ffdc8ba0000 - 0x00007ffdc8bb2000 	C:\WINDOWS\SYSTEM32\kernel.appcore.dll
0x00007ffdc25f0000 - 0x00007ffdc2601000 	C:\Program Files\OpenJDK\openjdk-11.0.15_10\bin\verify.dll
0x00007ffdc80c0000 - 0x00007ffdc82a4000 	C:\WINDOWS\SYSTEM32\DBGHELP.DLL
0x00007ffdc22b0000 - 0x00007ffdc22e4000 	C:\WINDOWS\SYSTEM32\dbgcore.DLL
0x00007ffdca550000 - 0x00007ffdca5d2000 	C:\WINDOWS\System32\bcryptPrimitives.dll
0x00007ffdb8220000 - 0x00007ffdb8249000 	C:\Program Files\OpenJDK\openjdk-11.0.15_10\bin\java.dll
0x00007ffdc4380000 - 0x00007ffdc438a000 	C:\Program Files\OpenJDK\openjdk-11.0.15_10\bin\jimage.dll
0x00007ffd98490000 - 0x00007ffd984c8000 	C:\Program Files\OpenJDK\openjdk-11.0.15_10\bin\jdwp.dll
0x00007ffdb8200000 - 0x00007ffdb8218000 	C:\Program Files\OpenJDK\openjdk-11.0.15_10\bin\zip.dll
0x00007ffdcbea0000 - 0x00007ffdcc5e4000 	C:\WINDOWS\System32\SHELL32.dll
0x00007ffdc82b0000 - 0x00007ffdc8a43000 	C:\WINDOWS\SYSTEM32\windows.storage.dll
0x00007ffdcc930000 - 0x00007ffdccc84000 	C:\WINDOWS\System32\combase.dll
0x00007ffdc9d20000 - 0x00007ffdc9d4e000 	C:\WINDOWS\SYSTEM32\Wldp.dll
0x00007ffdcb910000 - 0x00007ffdcb9bd000 	C:\WINDOWS\System32\SHCORE.dll
0x00007ffdcb6f0000 - 0x00007ffdcb745000 	C:\WINDOWS\System32\shlwapi.dll
0x00007ffdca2e0000 - 0x00007ffdca305000 	C:\WINDOWS\SYSTEM32\profapi.dll
0x00007ffdc39c0000 - 0x00007ffdc39ca000 	C:\Program Files\OpenJDK\openjdk-11.0.15_10\bin\dt_socket.dll
0x00007ffdc9a80000 - 0x00007ffdc9aea000 	C:\WINDOWS\system32\mswsock.dll
0x00007ffdb8120000 - 0x00007ffdb8139000 	C:\Program Files\OpenJDK\openjdk-11.0.15_10\bin\net.dll
0x00007ffdc1dd0000 - 0x00007ffdc1eda000 	C:\WINDOWS\SYSTEM32\WINHTTP.dll
0x00007ffdab180000 - 0x00007ffdab193000 	C:\Program Files\OpenJDK\openjdk-11.0.15_10\bin\nio.dll
0x00007ffdb8100000 - 0x00007ffdb8109000 	C:\Program Files\OpenJDK\openjdk-11.0.15_10\bin\management.dll
0x00007ffdb6b50000 - 0x00007ffdb6b5c000 	C:\Program Files\OpenJDK\openjdk-11.0.15_10\bin\management_ext.dll
0x00007ffda9960000 - 0x00007ffda9977000 	C:\WINDOWS\system32\napinsp.dll
0x00007ffda63e0000 - 0x00007ffda63fb000 	C:\WINDOWS\system32\pnrpnsp.dll
0x00007ffd9e420000 - 0x00007ffd9e435000 	C:\WINDOWS\system32\wshbth.dll
0x00007ffdc3690000 - 0x00007ffdc36ad000 	C:\WINDOWS\system32\NLAapi.dll
0x00007ffdc9770000 - 0x00007ffdc97ab000 	C:\WINDOWS\SYSTEM32\IPHLPAPI.DLL
0x00007ffdc97b0000 - 0x00007ffdc987a000 	C:\WINDOWS\SYSTEM32\DNSAPI.dll
0x00007ffdcc8c0000 - 0x00007ffdcc8c8000 	C:\WINDOWS\System32\NSI.dll
0x00007ffda6100000 - 0x00007ffda6112000 	C:\WINDOWS\System32\winrnr.dll
0x00007ffdc04a0000 - 0x00007ffdc04aa000 	C:\Windows\System32\rasadhlp.dll
0x00007ffdc05b0000 - 0x00007ffdc0632000 	C:\WINDOWS\System32\fwpuclnt.dll
0x00007ffdca5e0000 - 0x00007ffdca607000 	C:\WINDOWS\System32\bcrypt.dll
0x00007ffdc9c70000 - 0x00007ffdc9c88000 	C:\WINDOWS\SYSTEM32\CRYPTSP.dll
0x00007ffdc9360000 - 0x00007ffdc9394000 	C:\WINDOWS\system32\rsaenh.dll
0x00007ffdca2a0000 - 0x00007ffdca2ce000 	C:\WINDOWS\SYSTEM32\USERENV.dll
0x00007ffdc9c90000 - 0x00007ffdc9c9c000 	C:\WINDOWS\SYSTEM32\CRYPTBASE.dll
0x00007ffdc3200000 - 0x00007ffdc3217000 	C:\WINDOWS\SYSTEM32\dhcpcsvc6.DLL
0x00007ffdc31e0000 - 0x00007ffdc31fd000 	C:\WINDOWS\SYSTEM32\dhcpcsvc.DLL
0x00007ffdab090000 - 0x00007ffdab0b6000 	C:\Program Files\OpenJDK\openjdk-11.0.15_10\bin\sunec.dll
0x00007ffdb5220000 - 0x00007ffdb522e000 	C:\Program Files\OpenJDK\openjdk-11.0.15_10\bin\sunmscapi.dll
0x00007ffdcabd0000 - 0x00007ffdcad2e000 	C:\WINDOWS\System32\CRYPT32.dll
0x00007ffdc9d90000 - 0x00007ffdc9db8000 	C:\WINDOWS\SYSTEM32\ncrypt.dll
0x00007ffdc9d50000 - 0x00007ffdc9d8b000 	C:\WINDOWS\SYSTEM32\NTASN1.dll

dbghelp: loaded successfully - version: 4.0.5 - missing functions: none
symbol engine: initialized successfully - sym options: 0x614 - pdb path: .;C:\Program Files\OpenJDK\openjdk-11.0.15_10\bin;C:\WINDOWS\SYSTEM32;C:\WINDOWS\WinSxS\amd64_microsoft.windows.common-controls_6595b64144ccf1df_6.0.19041.1110_none_60b5254171f9507e;C:\Program Files\OpenJDK\openjdk-11.0.15_10\bin\server

VM Arguments:
jvm_args: -agentlib:jdwp=transport=dt_socket,server=n,suspend=y,address=127.0.0.1:57537 -Xverify:none -XX:TieredStopAtLevel=1 -Dfile.encoding=windows-1252 -Duser.country=AR -Duser.language=es -Duser.variant 
java_command: com.example.hbsisters.HbSistersApplication
java_class_path (initial): F:\CURSOS\MINDHUB\JAVA BACKEND\hb-sisters\build\classes\java\main;F:\CURSOS\MINDHUB\JAVA BACKEND\hb-sisters\build\resources\main;C:\Users\Paola\.gradle\caches\modules-2\files-2.1\com.h2database\h2\2.1.214\d5c2005c9e3279201e12d4776c948578b16bf8b2\h2-2.1.214.jar;C:\Users\Paola\.gradle\caches\modules-2\files-2.1\org.springframework.security\spring-security-config\5.7.10\a70c03d16c209b836006ed1b58b5818286bfee00\spring-security-config-5.7.10.jar;C:\Users\Paola\.gradle\caches\modules-2\files-2.1\org.springframework.security\spring-security-web\5.7.10\9c3445fe7b5933f856e1b8237d5f2a74a30c61d1\spring-security-web-5.7.10.jar;C:\Users\Paola\.gradle\caches\modules-2\files-2.1\org.springframework.data\spring-data-jpa\2.7.14\d5f2e34cce48ed4d668e760db200e854cbbe4d87\spring-data-jpa-2.7.14.jar;C:\Users\Paola\.gradle\caches\modules-2\files-2.1\org.springframework.data\spring-data-rest-webmvc\3.7.14\6e323d6c602f32e5fc0d4122469419cc537b97b1\spring-data-rest-webmvc-3.7.14.jar;C:\Users\Paola\.gradle\caches\modules-2\files-2.1\org.springframework\spring-webmvc\5.3.29\fdaefee29fcb8459aab748b571d8bb7bb7fdb175\spring-webmvc-5.3.29.jar;C:\Users\Paola\.gradle\caches\modules-2\files-2.1\org.springframework.security\spring-security-core\5.7.10\2cfe7d1ae22eff5d18c86f00feae346789ec14\spring-security-core-5.7.10.jar;C:\Users\Paola\.gradle\caches\modules-2\files-2.1\org.springframework.boot\spring-boot-autoconfigure\2.7.14\4851957607f74fc4335858d66fb755f1b0c95006\spring-boot-autoconfigure-2.7.14.jar;C:\Users\Paola\.gradle\caches\modules-2\files-2.1\org.springframework.boot\spring-boot\2.7.14\762261093a3e15388216c45d6a9ba7fdc022b74d\spring-boot-2.7.14.jar;C:\Users\Paola\.gradle\caches\modules-2\files-2.1\org.springframework.data\spring-data-rest-core\3.7.14\381541f8b3f1a52abaf5618f71e1483075f9d9b3\spring-data-rest-core-3.7.14.jar;C:\Users\Paola\.gradle\caches\modules-2\files-2.1\org.springframework.hateoas\spring-hateoas\1.5.5\88e9d4b1af58eda7bfaa83dfb362392ce1bf7d27\spr
Launcher Type: SUN_STANDARD

[Global flags]
     bool BytecodeVerificationLocal                = false                                     {product} {command line}
     bool BytecodeVerificationRemote               = false                                     {product} {command line}
     intx CICompilerCount                          = 3                                         {product} {ergonomic}
     uint ConcGCThreads                            = 1                                         {product} {ergonomic}
     uint G1ConcRefinementThreads                  = 4                                         {product} {ergonomic}
   size_t G1HeapRegionSize                         = 1048576                                   {product} {ergonomic}
    uintx GCDrainStackTargetSize                   = 64                                        {product} {ergonomic}
   size_t InitialHeapSize                          = 201326592                                 {product} {ergonomic}
   size_t MarkStackSize                            = 4194304                                   {product} {ergonomic}
   size_t MaxHeapSize                              = 3189768192                                {product} {ergonomic}
   size_t MaxNewSize                               = 1913651200                                {product} {ergonomic}
   size_t MinHeapDeltaBytes                        = 1048576                                   {product} {ergonomic}
    uintx NonNMethodCodeHeapSize                   = 6973028                                {pd product} {ergonomic}
    uintx NonProfiledCodeHeapSize                  = 244685212                              {pd product} {ergonomic}
    uintx ProfiledCodeHeapSize                     = 0                                      {pd product} {ergonomic}
    uintx ReservedCodeCacheSize                    = 251658240                              {pd product} {ergonomic}
     bool SegmentedCodeCache                       = true                                      {product} {ergonomic}
     intx TieredStopAtLevel                        = 1                                         {product} {command line}
     bool UseCompressedClassPointers               = true                                 {lp64_product} {ergonomic}
     bool UseCompressedOops                        = true                                 {lp64_product} {ergonomic}
     bool UseG1GC                                  = true                                      {product} {ergonomic}
     bool UseLargePagesIndividualAllocation        = false                                  {pd product} {ergonomic}

Logging:
Log output configuration:
 #0: stdout all=warning uptime,level,tags
 #1: stderr all=off uptime,level,tags

Environment Variables:
JAVA_HOME=C:\Program Files\OpenJDK\openjdk-11.0.15_10
CLASSPATH=.;
PATH=C:\Miniconda3;C:\Miniconda3\Library\mingw-w64\bin;C:\Miniconda3\Library\usr\bin;C:\Miniconda3\Library\bin;C:\Miniconda3\Scripts;C:\Program Files (x86)\Intel\iCLS Client\;C:\Program Files\Intel\iCLS Client\;C:\WINDOWS\system32;C:\WINDOWS;C:\WINDOWS\System32\Wbem;C:\WINDOWS\System32\WindowsPowerShell\v1.0\;C:\Program Files (x86)\Intel\Intel(R) Management Engine Components\DAL;C:\Program Files\Intel\Intel(R) Management Engine Components\DAL;C:\Program Files (x86)\Intel\Intel(R) Management Engine Components\IPT;C:\Program Files\Intel\Intel(R) Management Engine Components\IPT;C:\WINDOWS\System32\OpenSSH\;C:\ProgramData\chocolatey\bin;C:\Program Files\Java\jdk1.8.0_211\bin;C:\Users\Paola\AppData\Local\Android\Sdk\platform-tools;C:\Program Files\Git\cmd;C:\Users\Paola\AppData\Roaming\nvm;C:\Program Files\nodejs;C:\Program Files\Docker\Docker\resources\bin;C:\ProgramData\DockerDesktop\version-bin;C:\Program Files\OpenJDK\openjdk-11.0.15_10\bin;C:\Users\Paola\AppData\Local\Microsoft\WindowsApps;C:\Users\Paola\AppData\Local\Programs\Microsoft VS Code\bin;C:\Program Files\heroku\bin;C:\Miniconda3\python;C:\CursoDjango\blog\myenv\Scripts\eb;C:\Users\Paola\AppData\Roaming\Python\Python37\Scripts;C:\Program Files\Java\jdk1.8.0_211\bin;C:\src\flutter\bin;C:\Users\Paola\AppData\Roaming\nvm;C:\Program Files\nodejs;C:\Users\Paola\AppData\Local\Programs\oh-my-posh\bin
USERNAME=Paola
OS=Windows_NT
PROCESSOR_IDENTIFIER=Intel64 Family 6 Model 142 Stepping 9, GenuineIntel



---------------  S Y S T E M  ---------------

OS: Windows 10 , 64 bit Build 19041 (10.0.19041.3155)
OS uptime: 12 days 0:50 hours
Hyper-V role detected

CPU:total 4 (initial active 4) (2 cores per cpu, 2 threads per core) family 6 model 142 stepping 9 microcode 0xb4, cmov, cx8, fxsr, mmx, sse, sse2, sse3, ssse3, sse4.1, sse4.2, popcnt, avx, avx2, aes, clmul, erms, 3dnowpref, lzcnt, ht, tsc, tscinvbit, bmi1, bmi2, adx, fma

Memory: 4k page, system-wide physical 12160M (1718M free)
TotalPageFile size 12160M (AvailPageFile size 55M)
current process WorkingSet (physical memory assigned to process): 279M, peak: 279M
current process commit charge ("private bytes"): 389M, peak: 449M

vm_info: OpenJDK 64-Bit Server VM (11.0.15+10) for windows-amd64 JRE (11.0.15+10), built on Apr 21 2022 21:29:46 by "tester" with MS VC++ 15.5 (VS2017)

END.
